.......   -==   ***TRACE ::ModelRunner::Listener::ConnectionProvider.PrimaryListener.EventProc   ==- (22.03.2013 12:57:16) 
Heat -1 : main blowing started
.......   -==   ***TRACE ::ModelRunner::Listener::ConnectionProvider.PrimaryListener.EventProc   ==- (22.03.2013 12:57:16) 
Oxygen Flow: 1171,93408203125
.......   -==   ***TRACE ::ModelRunner::Listener::ConnectionProvider.PrimaryListener.EventProc   ==- (22.03.2013 12:57:17) 
Oxygen Flow: 1123,63928222656
.......   -==   ***TRACE ::ModelRunner::Listener::ConnectionProvider.PrimaryListener.EventProc   ==- (22.03.2013 12:57:17) 
Heat Changed. New Heat ID: 131693
.......   -==   ***TRACE ::ModelRunner::Listener::ConnectionProvider.PrimaryListener.EventProc   ==- (22.03.2013 12:57:17) 
Heat 1301693 : main blowing started
.......   -==   ***TRACE ::ModelRunner::Listener::ConnectionProvider.PrimaryListener.EventProc   ==- (22.03.2013 12:57:17) 
Oxygen Flow: 1122,04870605469
.......   -==   ***TRACE ::ModelRunner::Listener::ConnectionProvider.PrimaryListener.EventProc   ==- (22.03.2013 12:57:18) 
Oxygen Flow: 1129,36926269531
.......   -==   ***TRACE ::ModelRunner::Listener::ConnectionProvider.PrimaryListener.EventProc   ==- (22.03.2013 12:57:18) 
Model Related Event Appeared: FlexEvent:
Id=9aec45b3-d300-4459-9a7e-12c834303159;
Operation=Model.Dynamic.NoData;
Flags=FlexEventCreated;
Arguments=<dictionary>
	Heat_No	:1301693
	Reason	:Нет данных по чугуну
	RCode	:IRON
</dictionary>;
Time=22.03.2013 12:57:18;

.......   -==   ***TRACE ::ModelRunner::Listener::ConnectionProvider.PrimaryListener.EventProc   ==- (22.03.2013 12:57:18) 
Model Related Event Appeared: FlexEvent:
Id=1c480cfd-9cc4-467b-a518-d83f0e4b77d3;
Operation=Model.Dynamic.NoData;
Flags=FlexEventCreated;
Arguments=<dictionary>
	Heat_No	:1301693
	Reason	:Нет данных по лому
	RCode	:SCRAP
</dictionary>;
Time=22.03.2013 12:57:18;

.......   -==   ***TRACE ::ModelRunner::Listener::ConnectionProvider.PrimaryListener.EventProc   ==- (22.03.2013 12:57:18) 
Model Related Event Appeared: FlexEvent:
Id=ddf4a65e-75df-4412-b0bc-5dcd85adf124;
Operation=Model.Dynamic.NoData;
Flags=FlexEventCreated;
Arguments=<dictionary>
	Heat_No	:1301693
	Reason	:Нет данных по сыпучим
	RCode	:ADDMAT
</dictionary>;
Time=22.03.2013 12:57:18;

.......   -==   ***TRACE ::ModelRunner::Listener::ConnectionProvider.PrimaryListener.EventProc   ==- (22.03.2013 12:57:18) 
BoundNameMaterials Event: BoundNameMaterialsEvent: Bunker5MaterialName=ÄÎËÎÌÑ; Bunker6MaterialName=ALÊîíö; Bunker7MaterialName=KOKS  ; Bunker8MaterialName=ÈÇÂÅÑÒ; Bunker9MaterialName=ÈÇÂÅÑÒ; Bunker10MaterialName=ÔÎÌ   ; Bunker11MaterialName=ÌÀÕÃ  ; Bunker12MaterialName=ÄÎËÎÌÑ; iCnvNr=0; Time=22.03.2013 12:57:18;
.......   -==   ***TRACE ::ModelRunner::Listener::ConnectionProvider.PrimaryListener.EventProc   ==- (22.03.2013 12:57:18) 
visAdditionTotalEvent: visAdditionTotalEvent: RB5TotalWeight=0; RB6TotalWeight=148; RB7TotalWeight=621; RB8TotalWeight=9367; RB9TotalWeight=7378; RB10TotalWeight=3395; RB11TotalWeight=786; RB12TotalWeight=0; iCnvNr=0; Time=22.03.2013 12:57:18;
.......   -==   ***TRACE ::ModelRunner::Listener::ConnectionProvider.PrimaryListener.EventProc   ==- (22.03.2013 12:57:18) 
Material added COKE: 621
