.......   -==   ***TRACE ::ModelRunner::Listener::ConnectionProvider.PrimaryListener.EventProc   ==- (25.03.2013 18:48:53) 
Heat -1 : main blowing started
.......   -==   ***TRACE ::ModelRunner::Listener::ConnectionProvider.PrimaryListener.EventProc   ==- (25.03.2013 18:48:53) 
Oxygen Flow: 1145,83422851563
.......   -==   ***TRACE ::ModelRunner::Listener::ConnectionProvider.PrimaryListener.EventProc   ==- (25.03.2013 18:48:53) 
Oxygen Flow: 1136,16931152344
.......   -==   ***TRACE ::ModelRunner::Listener::ConnectionProvider.PrimaryListener.EventProc   ==- (25.03.2013 18:48:53) 
Oxygen Flow: 1132,79797363281
.......   -==   ***TRACE ::ModelRunner::Listener::ConnectionProvider.PrimaryListener.EventProc   ==- (25.03.2013 18:48:53) 
Heat Changed. New Heat ID: 131781
.......   -==   ***TRACE ::ModelRunner::Listener::ConnectionProvider.PrimaryListener.EventProc   ==- (25.03.2013 18:48:54) 
Heat 1301781 : main blowing started
.......   -==   ***TRACE ::ModelRunner::Listener::ConnectionProvider.PrimaryListener.EventProc   ==- (25.03.2013 18:48:54) 
Oxygen Flow: 1122,9609375
.......   -==   ***TRACE ::ModelRunner::Listener::ConnectionProvider.PrimaryListener.EventProc   ==- (25.03.2013 18:48:54) 
Model Related Event Appeared: FlexEvent:
Id=c4a3cd1c-8973-4a8a-baa8-587358918076;
Operation=Model.Dynamic.NoData;
Flags=FlexEventCreated;
Arguments=<dictionary>
	Heat_No	:1301781
	Reason	:Нет данных по чугуну
	RCode	:IRON
</dictionary>;
Time=25.03.2013 18:48:54;

.......   -==   ***TRACE ::ModelRunner::Listener::ConnectionProvider.PrimaryListener.EventProc   ==- (25.03.2013 18:48:54) 
Model Related Event Appeared: FlexEvent:
Id=66d7f7b9-058d-4672-b67e-62a6ba077d30;
Operation=Model.Dynamic.NoData;
Flags=FlexEventCreated;
Arguments=<dictionary>
	Heat_No	:1301781
	Reason	:Нет данных по лому
	RCode	:SCRAP
</dictionary>;
Time=25.03.2013 18:48:54;

.......   -==   ***TRACE ::ModelRunner::Listener::ConnectionProvider.PrimaryListener.EventProc   ==- (25.03.2013 18:48:54) 
Model Related Event Appeared: FlexEvent:
Id=ea88a33c-89dc-408f-a1b7-f09d54a66205;
Operation=Model.Dynamic.NoData;
Flags=FlexEventCreated;
Arguments=<dictionary>
	Heat_No	:1301781
	Reason	:Нет данных по сыпучим
	RCode	:ADDMAT
</dictionary>;
Time=25.03.2013 18:48:54;

.......   -==   ***TRACE ::ModelRunner::Listener::ConnectionProvider.PrimaryListener.EventProc   ==- (25.03.2013 18:48:54) 
BoundNameMaterials Event: BoundNameMaterialsEvent: Bunker5MaterialName=ÄÎËÎÌÑ; Bunker6MaterialName=ALÊîíö; Bunker7MaterialName=KOKS  ; Bunker8MaterialName=ÈÇÂÅÑÒ; Bunker9MaterialName=ÈÇÂÅÑÒ; Bunker10MaterialName=ÔÎÌ   ; Bunker11MaterialName=ÌÀÕÃ  ; Bunker12MaterialName=ÄÎËÎÌÑ; iCnvNr=0; Time=25.03.2013 18:48:54;
.......   -==   ***TRACE ::ModelRunner::Listener::ConnectionProvider.PrimaryListener.EventProc   ==- (25.03.2013 18:48:54) 
visAdditionTotalEvent: visAdditionTotalEvent: RB5TotalWeight=0; RB6TotalWeight=0; RB7TotalWeight=556; RB8TotalWeight=7307; RB9TotalWeight=7340; RB10TotalWeight=0; RB11TotalWeight=0; RB12TotalWeight=0; iCnvNr=0; Time=25.03.2013 18:48:54;
.......   +++   ERROR***   +++ (25.03.2013 18:48:54) 
Unhandled exception Oracle.DataAccess.Client.OracleException     at Oracle.DataAccess.Client.OracleException.HandleErrorHelper(Int32 errCode, OracleConnection conn, IntPtr opsErrCtx, OpoSqlValCtx* pOpoSqlValCtx, Object src, String procedure, Boolean bCheck)
   at Oracle.DataAccess.Client.OracleException.HandleError(Int32 errCode, OracleConnection conn, IntPtr opsErrCtx, Object src, Boolean bCheck)
   at Oracle.DataAccess.Client.OracleDataReader.Read()
   at Oracle.DataAccess.Client.OracleDataReader.get_HasRows()
   at ModelRunner.DynPrepare.AddCoke(Int32 weight)
   at ModelRunner.Listener.MVBounder(Logger l)
   at ModelRunner.Listener.OnEvent(BaseEvent evt)
   at ConnectionProvider.PrimaryListener.CustomOnEvent(BaseEvent newEvent) in C:\nucleus\Fusion\ConnectionProvider\Listener.cs:line 85
   at ConnectionProvider.PrimaryListener.EventProc(Object o) in C:\nucleus\Fusion\ConnectionProvider\Listener.cs:line 58
   at System.Threading.ThreadHelper.ThreadStart_Context(Object state)
   at System.Threading.ExecutionContext.Run(ExecutionContext executionContext, ContextCallback callback, Object state, Boolean ignoreSyncCtx)
   at System.Threading.ExecutionContext.Run(ExecutionContext executionContext, ContextCallback callback, Object state)
   at System.Threading.ThreadHelper.ThreadStart(Object obj) is terminating True
