.......   -==   ***TRACE ::ModelRunner::Listener::ConnectionProvider.PrimaryListener.EventProc   ==- (25.03.2013 18:48:46) 
Heat -1 : main blowing started
.......   -==   ***TRACE ::ModelRunner::Listener::ConnectionProvider.PrimaryListener.EventProc   ==- (25.03.2013 18:48:46) 
Oxygen Flow: 1149,8505859375
.......   -==   ***TRACE ::ModelRunner::Listener::ConnectionProvider.PrimaryListener.EventProc   ==- (25.03.2013 18:48:46) 
Oxygen Flow: 1148,72155761719
.......   -==   ***TRACE ::ModelRunner::Listener::ConnectionProvider.PrimaryListener.EventProc   ==- (25.03.2013 18:48:46) 
Heat Changed. New Heat ID: 131781
.......   -==   ***TRACE ::ModelRunner::Listener::ConnectionProvider.PrimaryListener.EventProc   ==- (25.03.2013 18:48:46) 
Heat 1301781 : main blowing started
.......   -==   ***TRACE ::ModelRunner::Listener::ConnectionProvider.PrimaryListener.EventProc   ==- (25.03.2013 18:48:46) 
Oxygen Flow: 1163,43859863281
.......   -==   ***TRACE ::ModelRunner::Listener::ConnectionProvider.PrimaryListener.EventProc   ==- (25.03.2013 18:48:47) 
Oxygen Flow: 1170,67358398438
.......   -==   ***TRACE ::ModelRunner::Listener::ConnectionProvider.PrimaryListener.EventProc   ==- (25.03.2013 18:48:47) 
Model Related Event Appeared: FlexEvent:
Id=b5301126-11f0-479d-91fa-bee0b9ced323;
Operation=Model.Dynamic.NoData;
Flags=FlexEventCreated;
Arguments=<dictionary>
	Heat_No	:1301781
	Reason	:Нет данных по чугуну
	RCode	:IRON
</dictionary>;
Time=25.03.2013 18:48:47;

.......   -==   ***TRACE ::ModelRunner::Listener::ConnectionProvider.PrimaryListener.EventProc   ==- (25.03.2013 18:48:47) 
Model Related Event Appeared: FlexEvent:
Id=e31d63f5-6b3f-4e6a-be76-5bbd6aa05363;
Operation=Model.Dynamic.NoData;
Flags=FlexEventCreated;
Arguments=<dictionary>
	Heat_No	:1301781
	Reason	:Нет данных по лому
	RCode	:SCRAP
</dictionary>;
Time=25.03.2013 18:48:47;

.......   -==   ***TRACE ::ModelRunner::Listener::ConnectionProvider.PrimaryListener.EventProc   ==- (25.03.2013 18:48:47) 
Model Related Event Appeared: FlexEvent:
Id=e9069727-e5f9-4f5d-9755-6d0a72c5af1a;
Operation=Model.Dynamic.NoData;
Flags=FlexEventCreated;
Arguments=<dictionary>
	Heat_No	:1301781
	Reason	:Нет данных по сыпучим
	RCode	:ADDMAT
</dictionary>;
Time=25.03.2013 18:48:47;

.......   -==   ***TRACE ::ModelRunner::Listener::ConnectionProvider.PrimaryListener.EventProc   ==- (25.03.2013 18:48:47) 
BoundNameMaterials Event: BoundNameMaterialsEvent: Bunker5MaterialName=ÄÎËÎÌÑ; Bunker6MaterialName=ALÊîíö; Bunker7MaterialName=KOKS  ; Bunker8MaterialName=ÈÇÂÅÑÒ; Bunker9MaterialName=ÈÇÂÅÑÒ; Bunker10MaterialName=ÔÎÌ   ; Bunker11MaterialName=ÌÀÕÃ  ; Bunker12MaterialName=ÄÎËÎÌÑ; iCnvNr=0; Time=25.03.2013 18:48:47;
.......   -==   ***TRACE ::ModelRunner::Listener::ConnectionProvider.PrimaryListener.EventProc   ==- (25.03.2013 18:48:47) 
visAdditionTotalEvent: visAdditionTotalEvent: RB5TotalWeight=0; RB6TotalWeight=0; RB7TotalWeight=556; RB8TotalWeight=7307; RB9TotalWeight=7340; RB10TotalWeight=0; RB11TotalWeight=0; RB12TotalWeight=0; iCnvNr=0; Time=25.03.2013 18:48:47;
