.......   -==   ***TRACE ::ModelRunner::Listener::ConnectionProvider.PrimaryListener.EventProc   ==- (25.03.2013 18:52:27) 
Heat -1 : main blowing started
.......   -==   ***TRACE ::ModelRunner::Listener::ConnectionProvider.PrimaryListener.EventProc   ==- (25.03.2013 18:52:27) 
Oxygen Flow: 1130,94787597656
.......   -==   ***TRACE ::ModelRunner::Listener::ConnectionProvider.PrimaryListener.EventProc   ==- (25.03.2013 18:52:27) 
Oxygen Flow: 1131,06677246094
.......   -==   ***TRACE ::ModelRunner::Listener::ConnectionProvider.PrimaryListener.EventProc   ==- (25.03.2013 18:52:28) 
Oxygen Flow: 1132,72668457031
.......   -==   ***TRACE ::ModelRunner::Listener::ConnectionProvider.PrimaryListener.EventProc   ==- (25.03.2013 18:52:28) 
Heat Changed. New Heat ID: 131781
.......   -==   ***TRACE ::ModelRunner::Listener::ConnectionProvider.PrimaryListener.EventProc   ==- (25.03.2013 18:52:28) 
Heat 1301781 : main blowing started
.......   -==   ***TRACE ::ModelRunner::Listener::ConnectionProvider.PrimaryListener.EventProc   ==- (25.03.2013 18:52:28) 
Oxygen Flow: 1129,91918945313
.......   -==   ***TRACE ::ModelRunner::Listener::ConnectionProvider.PrimaryListener.EventProc   ==- (25.03.2013 18:52:29) 
Model Related Event Appeared: FlexEvent:
Id=fc6184b7-7a7e-4de8-a1c2-ed7193543f09;
Operation=Model.Dynamic.NoData;
Flags=FlexEventCreated;
Arguments=<dictionary>
	Heat_No	:1301781
	Reason	:Нет данных по чугуну
	RCode	:IRON
</dictionary>;
Time=25.03.2013 18:52:29;

.......   -==   ***TRACE ::ModelRunner::Listener::ConnectionProvider.PrimaryListener.EventProc   ==- (25.03.2013 18:52:29) 
Model Related Event Appeared: FlexEvent:
Id=076c428a-6680-4365-b12d-7ae7455b2903;
Operation=Model.Dynamic.NoData;
Flags=FlexEventCreated;
Arguments=<dictionary>
	Heat_No	:1301781
	Reason	:Нет данных по лому
	RCode	:SCRAP
</dictionary>;
Time=25.03.2013 18:52:29;

.......   -==   ***TRACE ::ModelRunner::Listener::ConnectionProvider.PrimaryListener.EventProc   ==- (25.03.2013 18:52:29) 
Model Related Event Appeared: FlexEvent:
Id=7bb11139-0d91-4404-8940-1c5cf3de0d95;
Operation=Model.Dynamic.NoData;
Flags=FlexEventCreated;
Arguments=<dictionary>
	Heat_No	:1301781
	Reason	:Нет данных по сыпучим
	RCode	:ADDMAT
</dictionary>;
Time=25.03.2013 18:52:29;

.......   -==   ***TRACE ::ModelRunner::Listener::ConnectionProvider.PrimaryListener.EventProc   ==- (25.03.2013 18:52:29) 
BoundNameMaterials Event: BoundNameMaterialsEvent: Bunker5MaterialName=ÄÎËÎÌÑ; Bunker6MaterialName=ALÊîíö; Bunker7MaterialName=KOKS  ; Bunker8MaterialName=ÈÇÂÅÑÒ; Bunker9MaterialName=ÈÇÂÅÑÒ; Bunker10MaterialName=ÔÎÌ   ; Bunker11MaterialName=ÌÀÕÃ  ; Bunker12MaterialName=ÄÎËÎÌÑ; iCnvNr=0; Time=25.03.2013 18:52:29;
.......   -==   ***TRACE ::ModelRunner::Listener::ConnectionProvider.PrimaryListener.EventProc   ==- (25.03.2013 18:52:29) 
visAdditionTotalEvent: visAdditionTotalEvent: RB5TotalWeight=0; RB6TotalWeight=138; RB7TotalWeight=556; RB8TotalWeight=9291; RB9TotalWeight=9363; RB10TotalWeight=3801; RB11TotalWeight=0; RB12TotalWeight=0; iCnvNr=0; Time=25.03.2013 18:52:29;
.......   -==   ***TRACE ::ModelRunner::Listener::ConnectionProvider.PrimaryListener.EventProc   ==- (25.03.2013 18:52:29) 
Material added COKE: 556
.......   -==   ***TRACE ::ModelRunner::Listener::ConnectionProvider.PrimaryListener.EventProc   ==- (25.03.2013 18:52:29) 
Material added LIME: 9291
.......   -==   ***TRACE ::ModelRunner::Listener::ConnectionProvider.PrimaryListener.EventProc   ==- (25.03.2013 18:52:29) 
Material added LIME: 9363
.......   -==   ***TRACE ::ModelRunner::Listener::ConnectionProvider.PrimaryListener.EventProc   ==- (25.03.2013 18:52:29) 
Material Added FOM: 3801
.......   -==   ***TRACE ::ModelRunner::Listener::ConnectionProvider.PrimaryListener.EventProc   ==- (25.03.2013 18:52:29) 
Oxygen Flow: 1125,25744628906
