.......   -==   ***TRACE ::ModelRunner::Listener::ConnectionProvider.PrimaryListener.EventProc   ==- (28.03.2013 15:41:48) 
Heat Changed. New Heat ID: 332078
.......   -==   ***TRACE ::ModelRunner::Listener::ConnectionProvider.PrimaryListener.EventProc   ==- (28.03.2013 15:41:49) 
BoundNameMaterials Event: BoundNameMaterialsEvent: Bunker5MaterialName=ÄÎËÎÌÑ; Bunker6MaterialName=ALÊîíö; Bunker7MaterialName=KOKS  ; Bunker8MaterialName=ÈÇÂÅÑÒ; Bunker9MaterialName=ÈÇÂÅÑÒ; Bunker10MaterialName=ÔÎÌ   ; Bunker11MaterialName=ÄÎËÎÌÑ; Bunker12MaterialName=ÌÀÕÃ  ; iCnvNr=0; Time=28.03.2013 15:41:49;
.......   -==   ***TRACE ::ModelRunner::Listener::ConnectionProvider.PrimaryListener.EventProc   ==- (28.03.2013 15:41:49) 
visAdditionTotalEvent: visAdditionTotalEvent: RB5TotalWeight=165; RB6TotalWeight=661; RB7TotalWeight=614; RB8TotalWeight=8009; RB9TotalWeight=10020; RB10TotalWeight=4326; RB11TotalWeight=2; RB12TotalWeight=0; iCnvNr=0; Time=28.03.2013 15:41:49;
.......   -==   ***TRACE ::ModelRunner::Listener::ConnectionProvider.PrimaryListener.EventProc   ==- (28.03.2013 15:41:50) 
Material added DOLOMS: 165
.......   -==   ***TRACE ::ModelRunner::Listener::ConnectionProvider.PrimaryListener.EventProc   ==- (28.03.2013 15:41:50) 
Material added COKE: 614
.......   -==   ***TRACE ::ModelRunner::Listener::ConnectionProvider.PrimaryListener.EventProc   ==- (28.03.2013 15:41:50) 
Material added LIME: 8009
.......   -==   ***TRACE ::ModelRunner::Listener::ConnectionProvider.PrimaryListener.EventProc   ==- (28.03.2013 15:41:50) 
Material added LIME: 10020
.......   -==   ***TRACE ::ModelRunner::Listener::ConnectionProvider.PrimaryListener.EventProc   ==- (28.03.2013 15:41:50) 
Material Added FOM: 4326
.......   -==   ***TRACE ::ModelRunner::Listener::ConnectionProvider.PrimaryListener.EventProc   ==- (28.03.2013 15:41:50) 
matRename does not contains key <ALКонц>
.......   -==   ***TRACE ::ModelRunner::Listener::ConnectionProvider.PrimaryListener.EventProc   ==- (28.03.2013 15:41:50) 
Visual Bunker Additions Event Appeared:
   5[DOLOMS] = 165
   7[COKE] = 914
   8[LIME] = 10009
   9[LIME] = 12020
   10[FOM] = 8326
   11[DOLOMS] = 502
   12[MAXG] = 0
Signal to run Shixta II generated
