.......   -==   ***TRACE ::ModelRunner::Listener::ConnectionProvider.PrimaryListener.EventProc   ==- (28.03.2013 15:38:56) 
Heat -1 : main blowing started
.......   -==   ***TRACE ::ModelRunner::Listener::ConnectionProvider.PrimaryListener.EventProc   ==- (28.03.2013 15:38:56) 
Oxygen Flow: 1197,7216796875
.......   -==   ***TRACE ::ModelRunner::Listener::ConnectionProvider.PrimaryListener.EventProc   ==- (28.03.2013 15:38:57) 
Oxygen Flow: 1175,42138671875
.......   -==   ***TRACE ::ModelRunner::Listener::ConnectionProvider.PrimaryListener.EventProc   ==- (28.03.2013 15:38:57) 
Heat Changed. New Heat ID: 332078
.......   -==   ***TRACE ::ModelRunner::Listener::ConnectionProvider.PrimaryListener.EventProc   ==- (28.03.2013 15:38:57) 
Heat 3302078 : main blowing started
.......   -==   ***TRACE ::ModelRunner::Listener::ConnectionProvider.PrimaryListener.EventProc   ==- (28.03.2013 15:38:57) 
Oxygen Flow: 1129,88171386719
.......   -==   ***TRACE ::ModelRunner::Listener::ConnectionProvider.PrimaryListener.EventProc   ==- (28.03.2013 15:38:58) 
Model Related Event Appeared: FlexEvent:
Id=c03922fb-e227-40a1-9c96-4249cbd5fd71;
Operation=Model.Dynamic.NoData;
Flags=FlexEventCreated;
Arguments=<dictionary>
	Heat_No	:3302078
	Reason	:Нет данных по чугуну
	RCode	:IRON
</dictionary>;
Time=28.03.2013 15:38:58;

.......   -==   ***TRACE ::ModelRunner::Listener::ConnectionProvider.PrimaryListener.EventProc   ==- (28.03.2013 15:38:58) 
Model Related Event Appeared: FlexEvent:
Id=e6adb431-ab52-4ee1-8a15-3a71afbb38c4;
Operation=Model.Dynamic.NoData;
Flags=FlexEventCreated;
Arguments=<dictionary>
	Heat_No	:3302078
	Reason	:Нет данных по лому
	RCode	:SCRAP
</dictionary>;
Time=28.03.2013 15:38:58;

.......   -==   ***TRACE ::ModelRunner::Listener::ConnectionProvider.PrimaryListener.EventProc   ==- (28.03.2013 15:38:58) 
Model Related Event Appeared: FlexEvent:
Id=a9458724-05e5-4d76-adc9-d9110aefd741;
Operation=Model.Dynamic.NoData;
Flags=FlexEventCreated;
Arguments=<dictionary>
	Heat_No	:3302078
	Reason	:Нет данных по сыпучим
	RCode	:ADDMAT
</dictionary>;
Time=28.03.2013 15:38:58;

.......   -==   ***TRACE ::ModelRunner::Listener::ConnectionProvider.PrimaryListener.EventProc   ==- (28.03.2013 15:38:58) 
Oxygen Flow: 1058,15185546875
.......   -==   ***TRACE ::ModelRunner::Listener::ConnectionProvider.PrimaryListener.EventProc   ==- (28.03.2013 15:38:58) 
BoundNameMaterials Event: BoundNameMaterialsEvent: Bunker5MaterialName=ÄÎËÎÌÑ; Bunker6MaterialName=ALÊîíö; Bunker7MaterialName=KOKS  ; Bunker8MaterialName=ÈÇÂÅÑÒ; Bunker9MaterialName=ÈÇÂÅÑÒ; Bunker10MaterialName=ÔÎÌ   ; Bunker11MaterialName=ÄÎËÎÌÑ; Bunker12MaterialName=ÌÀÕÃ  ; iCnvNr=0; Time=28.03.2013 15:38:58;
.......   -==   ***TRACE ::ModelRunner::Listener::ConnectionProvider.PrimaryListener.EventProc   ==- (28.03.2013 15:38:58) 
visAdditionTotalEvent: visAdditionTotalEvent: RB5TotalWeight=165; RB6TotalWeight=661; RB7TotalWeight=614; RB8TotalWeight=8009; RB9TotalWeight=10020; RB10TotalWeight=4326; RB11TotalWeight=2; RB12TotalWeight=0; iCnvNr=0; Time=28.03.2013 15:38:58;
