.......   -==   ***TRACE ::ModelRunner::Listener::ConnectionProvider.PrimaryListener.EventProc   ==- (28.03.2013 15:36:07) 
Heat -1 : main blowing started
.......   -==   ***TRACE ::ModelRunner::Listener::ConnectionProvider.PrimaryListener.EventProc   ==- (28.03.2013 15:36:07) 
Oxygen Flow: 1180,89221191406
.......   -==   ***TRACE ::ModelRunner::Listener::ConnectionProvider.PrimaryListener.EventProc   ==- (28.03.2013 15:36:07) 
Oxygen Flow: 1182,17126464844
.......   -==   ***TRACE ::ModelRunner::Listener::ConnectionProvider.PrimaryListener.EventProc   ==- (28.03.2013 15:36:08) 
Heat Changed. New Heat ID: 332078
.......   -==   ***TRACE ::ModelRunner::Listener::ConnectionProvider.PrimaryListener.EventProc   ==- (28.03.2013 15:36:08) 
Heat 3302078 : main blowing started
.......   -==   ***TRACE ::ModelRunner::Listener::ConnectionProvider.PrimaryListener.EventProc   ==- (28.03.2013 15:36:08) 
Oxygen Flow: 1181,76550292969
.......   -==   ***TRACE ::ModelRunner::Listener::ConnectionProvider.PrimaryListener.EventProc   ==- (28.03.2013 15:36:08) 
Oxygen Flow: 1183,3876953125
.......   -==   ***TRACE ::ModelRunner::Listener::ConnectionProvider.PrimaryListener.EventProc   ==- (28.03.2013 15:36:09) 
Model Related Event Appeared: FlexEvent:
Id=3313a22d-8f9a-4c44-bc31-ef4050ccd764;
Operation=Model.Dynamic.NoData;
Flags=FlexEventCreated;
Arguments=<dictionary>
	Heat_No	:3302078
	Reason	:Нет данных по чугуну
	RCode	:IRON
</dictionary>;
Time=28.03.2013 15:36:09;

.......   -==   ***TRACE ::ModelRunner::Listener::ConnectionProvider.PrimaryListener.EventProc   ==- (28.03.2013 15:36:09) 
Model Related Event Appeared: FlexEvent:
Id=636b76ec-b309-4148-92cf-f7a3fd44960f;
Operation=Model.Dynamic.NoData;
Flags=FlexEventCreated;
Arguments=<dictionary>
	Heat_No	:3302078
	Reason	:Нет данных по лому
	RCode	:SCRAP
</dictionary>;
Time=28.03.2013 15:36:09;

.......   -==   ***TRACE ::ModelRunner::Listener::ConnectionProvider.PrimaryListener.EventProc   ==- (28.03.2013 15:36:09) 
Model Related Event Appeared: FlexEvent:
Id=74d4357f-2fe2-4f02-8650-1a6a284fd84e;
Operation=Model.Dynamic.NoData;
Flags=FlexEventCreated;
Arguments=<dictionary>
	Heat_No	:3302078
	Reason	:Нет данных по сыпучим
	RCode	:ADDMAT
</dictionary>;
Time=28.03.2013 15:36:09;

.......   -==   ***TRACE ::ModelRunner::Listener::ConnectionProvider.PrimaryListener.EventProc   ==- (28.03.2013 15:36:09) 
BoundNameMaterials Event: BoundNameMaterialsEvent: Bunker5MaterialName=ÄÎËÎÌÑ; Bunker6MaterialName=ALÊîíö; Bunker7MaterialName=KOKS  ; Bunker8MaterialName=ÈÇÂÅÑÒ; Bunker9MaterialName=ÈÇÂÅÑÒ; Bunker10MaterialName=ÔÎÌ   ; Bunker11MaterialName=ÄÎËÎÌÑ; Bunker12MaterialName=ÌÀÕÃ  ; iCnvNr=0; Time=28.03.2013 15:36:09;
.......   -==   ***TRACE ::ModelRunner::Listener::ConnectionProvider.PrimaryListener.EventProc   ==- (28.03.2013 15:36:09) 
visAdditionTotalEvent: visAdditionTotalEvent: RB5TotalWeight=165; RB6TotalWeight=661; RB7TotalWeight=614; RB8TotalWeight=8009; RB9TotalWeight=10020; RB10TotalWeight=4326; RB11TotalWeight=2; RB12TotalWeight=0; iCnvNr=0; Time=28.03.2013 15:36:09;
.......   -==   ***TRACE ::ModelRunner::Listener::ConnectionProvider.PrimaryListener.EventProc   ==- (28.03.2013 15:36:09) 
Material added DOLOMS: 165
.......   -==   ***TRACE ::ModelRunner::Listener::ConnectionProvider.PrimaryListener.EventProc   ==- (28.03.2013 15:36:09) 
Material added COKE: 614
.......   -==   ***TRACE ::ModelRunner::Listener::ConnectionProvider.PrimaryListener.EventProc   ==- (28.03.2013 15:36:09) 
Material added LIME: 8009
