.......   -==   ***TRACE ::ModelRunner::Listener::ConnectionProvider.PrimaryListener.EventProc   ==- (28.03.2013 15:36:27) 
Heat -1 : main blowing started
.......   -==   ***TRACE ::ModelRunner::Listener::ConnectionProvider.PrimaryListener.EventProc   ==- (28.03.2013 15:36:27) 
Oxygen Flow: 1205,935546875
.......   -==   ***TRACE ::ModelRunner::Listener::ConnectionProvider.PrimaryListener.EventProc   ==- (28.03.2013 15:36:27) 
Oxygen Flow: 1205,14147949219
.......   -==   ***TRACE ::ModelRunner::Listener::ConnectionProvider.PrimaryListener.EventProc   ==- (28.03.2013 15:36:28) 
Heat Changed. New Heat ID: 332078
.......   -==   ***TRACE ::ModelRunner::Listener::ConnectionProvider.PrimaryListener.EventProc   ==- (28.03.2013 15:36:28) 
Heat 3302078 : main blowing started
.......   -==   ***TRACE ::ModelRunner::Listener::ConnectionProvider.PrimaryListener.EventProc   ==- (28.03.2013 15:36:28) 
Oxygen Flow: 1205,07897949219
.......   -==   ***TRACE ::ModelRunner::Listener::ConnectionProvider.PrimaryListener.EventProc   ==- (28.03.2013 15:36:28) 
Oxygen Flow: 1204,681640625
.......   -==   ***TRACE ::ModelRunner::Listener::ConnectionProvider.PrimaryListener.EventProc   ==- (28.03.2013 15:36:29) 
Model Related Event Appeared: FlexEvent:
Id=b87e29c6-0705-463b-aea6-26b3f5a5ab0d;
Operation=Model.Dynamic.NoData;
Flags=FlexEventCreated;
Arguments=<dictionary>
	Heat_No	:3302078
	Reason	:Нет данных по чугуну
	RCode	:IRON
</dictionary>;
Time=28.03.2013 15:36:29;

.......   -==   ***TRACE ::ModelRunner::Listener::ConnectionProvider.PrimaryListener.EventProc   ==- (28.03.2013 15:36:29) 
Model Related Event Appeared: FlexEvent:
Id=304a42bb-0949-4aee-8ba1-9ddef83cd4fa;
Operation=Model.Dynamic.NoData;
Flags=FlexEventCreated;
Arguments=<dictionary>
	Heat_No	:3302078
	Reason	:Нет данных по лому
	RCode	:SCRAP
</dictionary>;
Time=28.03.2013 15:36:29;

.......   -==   ***TRACE ::ModelRunner::Listener::ConnectionProvider.PrimaryListener.EventProc   ==- (28.03.2013 15:36:29) 
Model Related Event Appeared: FlexEvent:
Id=a25092db-a2d4-499d-aaa7-80b16f3664df;
Operation=Model.Dynamic.NoData;
Flags=FlexEventCreated;
Arguments=<dictionary>
	Heat_No	:3302078
	Reason	:Нет данных по сыпучим
	RCode	:ADDMAT
</dictionary>;
Time=28.03.2013 15:36:29;

.......   -==   ***TRACE ::ModelRunner::Listener::ConnectionProvider.PrimaryListener.EventProc   ==- (28.03.2013 15:36:29) 
BoundNameMaterials Event: BoundNameMaterialsEvent: Bunker5MaterialName=ÄÎËÎÌÑ; Bunker6MaterialName=ALÊîíö; Bunker7MaterialName=KOKS  ; Bunker8MaterialName=ÈÇÂÅÑÒ; Bunker9MaterialName=ÈÇÂÅÑÒ; Bunker10MaterialName=ÔÎÌ   ; Bunker11MaterialName=ÄÎËÎÌÑ; Bunker12MaterialName=ÌÀÕÃ  ; iCnvNr=0; Time=28.03.2013 15:36:29;
.......   -==   ***TRACE ::ModelRunner::Listener::ConnectionProvider.PrimaryListener.EventProc   ==- (28.03.2013 15:36:29) 
visAdditionTotalEvent: visAdditionTotalEvent: RB5TotalWeight=165; RB6TotalWeight=661; RB7TotalWeight=614; RB8TotalWeight=8009; RB9TotalWeight=10020; RB10TotalWeight=4326; RB11TotalWeight=2; RB12TotalWeight=0; iCnvNr=0; Time=28.03.2013 15:36:29;
.......   -==   ***TRACE ::ModelRunner::Listener::ConnectionProvider.PrimaryListener.EventProc   ==- (28.03.2013 15:36:29) 
Material added DOLOMS: 165
.......   +++   ERROR***   +++ (28.03.2013 15:36:29) 
Unhandled exception System.NullReferenceException: Object reference not set to an instance of an object.
   at Oracle.DataAccess.Client.OracleConnection.Open()
   at ModelRunner.DynPrepare.AddCoke(Int32 weight) in C:\nucleus\Fusion\Algorithms\Ecofer\ModelRunner\AddMat.cs:line 570
   at ModelRunner.Listener.MVBounder(Logger l) in C:\nucleus\Fusion\Algorithms\Ecofer\ModelRunner\Listener.cs:line 669
   at ModelRunner.Listener.OnEvent(BaseEvent evt) in C:\nucleus\Fusion\Algorithms\Ecofer\ModelRunner\Listener.cs:line 479
   at ConnectionProvider.PrimaryListener.CustomOnEvent(BaseEvent newEvent) in C:\nucleus\Fusion\ConnectionProvider\Listener.cs:line 85
   at ConnectionProvider.PrimaryListener.EventProc(Object o) in C:\nucleus\Fusion\ConnectionProvider\Listener.cs:line 58
   at System.Threading.ThreadHelper.ThreadStart_Context(Object state)
   at System.Threading.ExecutionContext.Run(ExecutionContext executionContext, ContextCallback callback, Object state, Boolean ignoreSyncCtx)
   at System.Threading.ExecutionContext.Run(ExecutionContext executionContext, ContextCallback callback, Object state)
   at System.Threading.ThreadHelper.ThreadStart(Object obj) is terminating True
.......   +++   ERROR***   +++ (28.03.2013 15:36:29) 
Unhandled exception System.InvalidOperationException: Sequence contains more than one matching element
   at System.Linq.Enumerable.SingleOrDefault[TSource](IEnumerable`1 source, Func`2 predicate)
   at Data.MINP.FP(MINP_GD_MaterialDTO aMaterial, Int32 aIndex) in C:\nucleus\Fusion\Algorithms\Ecofer\Data\MINP.cs:line 60
   at Models.Dynamic.ProcessMaterialAdded(MINP_MatAddDTO aMatAdd) in C:\nucleus\Fusion\Algorithms\Ecofer\Models\03 Dynamic.cs:line 829
   at Models.Dynamic.ProcessQueueRequests() in C:\nucleus\Fusion\Algorithms\Ecofer\Models\03 Dynamic.cs:line 768
   at Models.Dynamic.ControlLoop(Object aState) in C:\nucleus\Fusion\Algorithms\Ecofer\Models\03 Dynamic.cs:line 568
   at System.Threading._TimerCallback.TimerCallback_Context(Object state)
   at System.Threading.ExecutionContext.runTryCode(Object userData)
   at System.Runtime.CompilerServices.RuntimeHelpers.ExecuteCodeWithGuaranteedCleanup(TryCode code, CleanupCode backoutCode, Object userData)
   at System.Threading.ExecutionContext.RunInternal(ExecutionContext executionContext, ContextCallback callback, Object state)
   at System.Threading.ExecutionContext.Run(ExecutionContext executionContext, ContextCallback callback, Object state, Boolean ignoreSyncCtx)
   at System.Threading._TimerCallback.PerformTimerCallback(Object state) is terminating True
