.......   -==   CRETATE CONNECTION FROM EVENTSBUFFER   ==- (04.03.2013 16:10:12) 

.......   -==   DONE   ==- (04.03.2013 16:10:12) 

.......   -==   GET CURRENT HEATS   ==- (04.03.2013 16:10:12) 

.......   -==   DONE   ==- (04.03.2013 16:10:13) 

.......   ~~~   TRACE***   ~~~ (04.03.2013 16:10:13) 
Trend for OffGasAnalysisEvent
.......   ~~~   TRACE***   ~~~ (04.03.2013 16:10:13) 
OffGasAnalysisEvent: H2=0; O2=21,05; CO=0; CO2=0; N2=78,08; Ar=0,87; iCnvNr=1; Time=04.03.2013 16:10:07;
.......   ~~~   TRACE***   ~~~ (04.03.2013 16:10:13) 
Can't inserted trends for OffGasAnalysisEvent
Unit = Converter1 events pocessed 1
.......   ~~~   TRACE***   ~~~ (04.03.2013 16:10:13) 
Trend for FlexEvent - UDP.OffGasAnalysisEvent
.......   ~~~   TRACE***   ~~~ (04.03.2013 16:10:13) 
FlexEvent:
Id=5e2a2607-84f4-4dac-b828-cdede2bafa6a;
Operation=UDP.OffGasAnalysisEvent;
Flags=FlexEventCreated;
Arguments=<dictionary>
	iCnvNr	:1
	Ar	:0,87
	CO	:0
	CO2	:0
	H2	:0
	N2	:78,08
	O2	:21,05
	Time	:04.03.2013 16:10:07
	TransportDelay1	:18
	TransportDelay2	:14
	Diagbyte	:0
	Branch	:2
	GranatTimeStamp	:28.02.2013 19:59:05
</dictionary>;
Time=04.03.2013 16:10:07;
.......   ~~~   TRACE***   ~~~ (04.03.2013 16:10:13) 
Inserted trends for FlexEvent - UDP.OffGasAnalysisEvent
Unit = Converter1 events pocessed 2
.......   ~~~   TRACE***   ~~~ (04.03.2013 16:10:13) 
Trend for FlexEvent - CarbonSwitcher.Result
.......   ~~~   TRACE***   ~~~ (04.03.2013 16:10:13) 
FlexEvent:
Id=dd8c4c79-c38a-42a8-9f5a-7fcdc3bf9bce;
Operation=CarbonSwitcher.Result;
Flags=FlexEventCreated;
Arguments=<dictionary>
	C	:4,08099476979286
	PeriodlNumber	:1
</dictionary>;
Time=04.03.2013 16:10:07;
.......   ~~~   TRACE***   ~~~ (04.03.2013 16:10:13) 
Inserted trends for FlexEvent - CarbonSwitcher.Result
Unit = Converter1 events pocessed 3
.......   ~~~   TRACE***   ~~~ (04.03.2013 16:10:13) 
Trend for N2Event
.......   ~~~   TRACE***   ~~~ (04.03.2013 16:10:13) 
N2Event: QNitrogenLanceWindow=891; QNitrogenBoiler=18; iCnvNr=1; Time=04.03.2013 16:10:07;
.......   ~~~   TRACE***   ~~~ (04.03.2013 16:10:13) 
Inserted trends for N2Event
Unit = Converter1 events pocessed 4
.......   ~~~   TRACE***   ~~~ (04.03.2013 16:10:13) 
Trend for O2Event
.......   ~~~   TRACE***   ~~~ (04.03.2013 16:10:13) 
O2Event: QOxygenRight=0; POxygenRight=18,7610645294189; TOxygenRight=-0,348567962646484; DPOxygenRight=0; RightLanceIsSelected=False; QOxygenLeft=0; POxygenLeft=18,7726383209229; TOxygenLeft=-3,21307373046875; DPOxygenLeft=-0,578687965869904; LeftLanceIsSelected=False; iCnvNr=1; Time=04.03.2013 16:10:07;
.......   ~~~   TRACE***   ~~~ (04.03.2013 16:10:13) 
Can't inserted trends for O2Event
Unit = Converter1 events pocessed 5
.......   ~~~   TRACE***   ~~~ (04.03.2013 16:10:13) 
Trend for LanceEvent
.......   ~~~   TRACE***   ~~~ (04.03.2013 16:10:13) 
LanceEvent: O2TotalVol=3062; O2Flow=0; O2Pressure=0; LanceHeight=64276; LanceMode=1; O2FlowMode=2; O2LeftLanceWaterInput=34,5148849487305; O2LeftLanceWaterOutput=32,6141738891602; O2LeftLanceWaterTempInput=16,1743297576904; O2LeftLanceWaterTempOutput=15,7403135299683; O2LeftLanceLeck=1; O2RightLanceLeck=65532; O2LeftLanceWaterPressure=0,95483523607254; O2RightLanceWaterPressure=1,18631041049957; O2RightLanceWaterInput=38,8193588256836; O2RightLanceWaterOutput=43,1377792358398; O2RightLanceWaterTempInput=15,7403135299683; O2RightLanceWaterTempOutput=14,7276096343994; O2LeftLanceGewWeight=5000; O2LeftLanceGewBaer=100; O2RightLanceGewWeight=5336,9501953125; O2RightLanceGewBaer=3428,998046875; BathLevel=1260; O2Summary=0; iCnvNr=1; Time=04.03.2013 16:10:07;
.......   ~~~   TRACE***   ~~~ (04.03.2013 16:10:13) 
Inserted trends for LanceEvent
Unit = Converter1 events pocessed 6
.......   ~~~   TRACE***   ~~~ (04.03.2013 16:10:13) 
Trend for FlexEvent - UDP.OffGasAnalysisEvent
.......   ~~~   TRACE***   ~~~ (04.03.2013 16:10:13) 
FlexEvent:
Id=c14bb5a4-36bc-4e00-980c-b69022a4fb82;
Operation=UDP.OffGasAnalysisEvent;
Flags=FlexEventCreated;
Arguments=<dictionary>
	iCnvNr	:1
	Ar	:0,87
	CO	:0
	CO2	:0
	H2	:0
	N2	:78,08
	O2	:21,05
	Time	:04.03.2013 16:10:08
	TransportDelay1	:18
	TransportDelay2	:14
	Diagbyte	:0
	Branch	:2
	GranatTimeStamp	:28.02.2013 19:59:05
</dictionary>;
Time=04.03.2013 16:10:08;
.......   ~~~   TRACE***   ~~~ (04.03.2013 16:10:13) 
Inserted trends for FlexEvent - UDP.OffGasAnalysisEvent
Unit = Converter1 events pocessed 7
.......   ~~~   TRACE***   ~~~ (04.03.2013 16:10:13) 
Trend for N2Event
.......   ~~~   TRACE***   ~~~ (04.03.2013 16:10:13) 
N2Event: QNitrogenLanceWindow=891; QNitrogenBoiler=19; iCnvNr=1; Time=04.03.2013 16:10:08;
.......   ~~~   TRACE***   ~~~ (04.03.2013 16:10:13) 
Inserted trends for N2Event
Unit = Converter1 events pocessed 8
.......   ~~~   TRACE***   ~~~ (04.03.2013 16:10:13) 
Trend for LanceEvent
.......   ~~~   TRACE***   ~~~ (04.03.2013 16:10:13) 
LanceEvent: O2TotalVol=3062; O2Flow=0; O2Pressure=0; LanceHeight=64276; LanceMode=1; O2FlowMode=2; O2LeftLanceWaterInput=34,6232261657715; O2LeftLanceWaterOutput=32,8049583435059; O2LeftLanceWaterTempInput=16,1164608001709; O2LeftLanceWaterTempOutput=15,7403135299683; O2LeftLanceLeck=2; O2RightLanceLeck=65532; O2LeftLanceWaterPressure=0,95483523607254; O2RightLanceWaterPressure=1,18631041049957; O2RightLanceWaterInput=39,0087738037109; O2RightLanceWaterOutput=43,0107498168945; O2RightLanceWaterTempInput=15,7403135299683; O2RightLanceWaterTempOutput=14,7276096343994; O2LeftLanceGewWeight=5000; O2LeftLanceGewBaer=100; O2RightLanceGewWeight=5336,9501953125; O2RightLanceGewBaer=3428,998046875; BathLevel=1260; O2Summary=0; iCnvNr=1; Time=04.03.2013 16:10:08;
.......   ~~~   TRACE***   ~~~ (04.03.2013 16:10:13) 
Inserted trends for LanceEvent
Unit = Converter1 events pocessed 9
.......   ~~~   TRACE***   ~~~ (04.03.2013 16:10:13) 
Trend for OffGasAnalysisEvent
.......   ~~~   TRACE***   ~~~ (04.03.2013 16:10:13) 
OffGasAnalysisEvent: H2=0; O2=21,05; CO=0; CO2=0; N2=78,08; Ar=0,87; iCnvNr=1; Time=04.03.2013 16:10:08;
.......   ~~~   TRACE***   ~~~ (04.03.2013 16:10:13) 
Can't inserted trends for OffGasAnalysisEvent
Unit = Converter1 events pocessed 10
.......   ~~~   TRACE***   ~~~ (04.03.2013 16:10:13) 
Trend for FlexEvent - UDP.OffGasAnalysisEvent
.......   ~~~   TRACE***   ~~~ (04.03.2013 16:10:13) 
FlexEvent:
Id=6cbf9363-8806-4edc-9854-1e671549a084;
Operation=UDP.OffGasAnalysisEvent;
Flags=FlexEventCreated;
Arguments=<dictionary>
	iCnvNr	:1
	Ar	:0,87
	CO	:0
	CO2	:0
	H2	:0
	N2	:78,08
	O2	:21,05
	Time	:04.03.2013 16:10:08
	TransportDelay1	:18
	TransportDelay2	:14
	Diagbyte	:0
	Branch	:2
	GranatTimeStamp	:28.02.2013 19:59:05
</dictionary>;
Time=04.03.2013 16:10:08;
.......   ~~~   TRACE***   ~~~ (04.03.2013 16:10:13) 
Can't inserted trends for FlexEvent - UDP.OffGasAnalysisEvent
Unit = Converter1 events pocessed 11
.......   ~~~   TRACE***   ~~~ (04.03.2013 16:10:13) 
Trend for FlexEvent - CarbonSwitcher.Result
.......   ~~~   TRACE***   ~~~ (04.03.2013 16:10:13) 
FlexEvent:
Id=1204a537-18b5-494c-ad30-318b72e346d9;
Operation=CarbonSwitcher.Result;
Flags=FlexEventCreated;
Arguments=<dictionary>
	C	:4,08099476979286
	PeriodlNumber	:1
</dictionary>;
Time=04.03.2013 16:10:08;
.......   ~~~   TRACE***   ~~~ (04.03.2013 16:10:13) 
Inserted trends for FlexEvent - CarbonSwitcher.Result
Unit = Converter1 events pocessed 12
.......   ~~~   TRACE***   ~~~ (04.03.2013 16:10:13) 
Trend for LanceEvent
.......   ~~~   TRACE***   ~~~ (04.03.2013 16:10:13) 
LanceEvent: O2TotalVol=3062; O2Flow=0; O2Pressure=0; LanceHeight=64276; LanceMode=1; O2FlowMode=2; O2LeftLanceWaterInput=34,6701393127441; O2LeftLanceWaterOutput=32,929443359375; O2LeftLanceWaterTempInput=16,1164608001709; O2LeftLanceWaterTempOutput=15,769248008728; O2LeftLanceLeck=2; O2RightLanceLeck=65532; O2LeftLanceWaterPressure=0,95483523607254; O2RightLanceWaterPressure=1,18631041049957; O2RightLanceWaterInput=39,063835144043; O2RightLanceWaterOutput=42,9030494689941; O2RightLanceWaterTempInput=15,7403135299683; O2RightLanceWaterTempOutput=14,7276096343994; O2LeftLanceGewWeight=5000; O2LeftLanceGewBaer=100; O2RightLanceGewWeight=5336,9501953125; O2RightLanceGewBaer=3428,998046875; BathLevel=1260; O2Summary=0; iCnvNr=1; Time=04.03.2013 16:10:09;
.......   ~~~   TRACE***   ~~~ (04.03.2013 16:10:13) 
Inserted trends for LanceEvent
Unit = Converter1 events pocessed 13
.......   ~~~   TRACE***   ~~~ (04.03.2013 16:10:13) 
Trend for FlexEvent - UDP.OffGasAnalysisEvent
.......   ~~~   TRACE***   ~~~ (04.03.2013 16:10:13) 
FlexEvent:
Id=80f6af21-fd61-4a70-a4dc-f051d659d8d7;
Operation=UDP.OffGasAnalysisEvent;
Flags=FlexEventCreated;
Arguments=<dictionary>
	iCnvNr	:1
	Ar	:0,87
	CO	:0
	CO2	:0
	H2	:0
	N2	:78,08
	O2	:21,05
	Time	:04.03.2013 16:10:09
	TransportDelay1	:18
	TransportDelay2	:14
	Diagbyte	:0
	Branch	:2
	GranatTimeStamp	:28.02.2013 19:59:05
</dictionary>;
Time=04.03.2013 16:10:09;
.......   ~~~   TRACE***   ~~~ (04.03.2013 16:10:13) 
Inserted trends for FlexEvent - UDP.OffGasAnalysisEvent
Unit = Converter1 events pocessed 14
.......   ~~~   TRACE***   ~~~ (04.03.2013 16:10:13) 
Trend for N2Event
.......   ~~~   TRACE***   ~~~ (04.03.2013 16:10:13) 
N2Event: QNitrogenLanceWindow=891; QNitrogenBoiler=18; iCnvNr=1; Time=04.03.2013 16:10:09;
.......   ~~~   TRACE***   ~~~ (04.03.2013 16:10:13) 
Inserted trends for N2Event
Unit = Converter1 events pocessed 15
.......   ~~~   TRACE***   ~~~ (04.03.2013 16:10:13) 
Trend for LanceEvent
.......   ~~~   TRACE***   ~~~ (04.03.2013 16:10:13) 
LanceEvent: O2TotalVol=3062; O2Flow=0; O2Pressure=0; LanceHeight=64276; LanceMode=1; O2FlowMode=2; O2LeftLanceWaterInput=34,6386947631836; O2LeftLanceWaterOutput=32,9186401367188; O2LeftLanceWaterTempInput=16,1164608001709; O2LeftLanceWaterTempOutput=15,769248008728; O2LeftLanceLeck=2; O2RightLanceLeck=65532; O2LeftLanceWaterPressure=0,95483523607254; O2RightLanceWaterPressure=1,18631041049957; O2RightLanceWaterInput=38,9062423706055; O2RightLanceWaterOutput=42,7753982543945; O2RightLanceWaterTempInput=15,7403135299683; O2RightLanceWaterTempOutput=14,7276096343994; O2LeftLanceGewWeight=5000; O2LeftLanceGewBaer=100; O2RightLanceGewWeight=5336,9501953125; O2RightLanceGewBaer=3428,998046875; BathLevel=1260; O2Summary=0; iCnvNr=1; Time=04.03.2013 16:10:09;
.......   ~~~   TRACE***   ~~~ (04.03.2013 16:10:13) 
Inserted trends for LanceEvent
Unit = Converter1 events pocessed 16
.......   ~~~   TRACE***   ~~~ (04.03.2013 16:10:13) 
Trend for OffGasAnalysisEvent
.......   ~~~   TRACE***   ~~~ (04.03.2013 16:10:13) 
OffGasAnalysisEvent: H2=0; O2=21,05; CO=0; CO2=0; N2=78,08; Ar=0,87; iCnvNr=1; Time=04.03.2013 16:10:09;
.......   ~~~   TRACE***   ~~~ (04.03.2013 16:10:13) 
Can't inserted trends for OffGasAnalysisEvent
Unit = Converter1 events pocessed 17
.......   ~~~   TRACE***   ~~~ (04.03.2013 16:10:13) 
Trend for FlexEvent - UDP.OffGasAnalysisEvent
.......   ~~~   TRACE***   ~~~ (04.03.2013 16:10:13) 
FlexEvent:
Id=ccc67dc0-c265-4b3f-ac9e-ee0eacc58c73;
Operation=UDP.OffGasAnalysisEvent;
Flags=FlexEventCreated;
Arguments=<dictionary>
	iCnvNr	:1
	Ar	:0,87
	CO	:0
	CO2	:0
	H2	:0
	N2	:78,08
	O2	:21,05
	Time	:04.03.2013 16:10:09
	TransportDelay1	:18
	TransportDelay2	:14
	Diagbyte	:0
	Branch	:2
	GranatTimeStamp	:28.02.2013 19:59:05
</dictionary>;
Time=04.03.2013 16:10:09;
.......   ~~~   TRACE***   ~~~ (04.03.2013 16:10:13) 
Can't inserted trends for FlexEvent - UDP.OffGasAnalysisEvent
Unit = Converter1 events pocessed 18
.......   ~~~   TRACE***   ~~~ (04.03.2013 16:10:13) 
Trend for FlexEvent - CarbonSwitcher.Result
.......   ~~~   TRACE***   ~~~ (04.03.2013 16:10:13) 
FlexEvent:
Id=4d06be9b-ac8c-4515-9881-65983cc3ba1f;
Operation=CarbonSwitcher.Result;
Flags=FlexEventCreated;
Arguments=<dictionary>
	C	:4,08099476979286
	PeriodlNumber	:1
</dictionary>;
Time=04.03.2013 16:10:09;
.......   ~~~   TRACE***   ~~~ (04.03.2013 16:10:13) 
Inserted trends for FlexEvent - CarbonSwitcher.Result
Unit = Converter1 events pocessed 19
.......   ~~~   TRACE***   ~~~ (04.03.2013 16:10:13) 
Trend for N2Event
.......   ~~~   TRACE***   ~~~ (04.03.2013 16:10:13) 
N2Event: QNitrogenLanceWindow=891; QNitrogenBoiler=17; iCnvNr=1; Time=04.03.2013 16:10:10;
.......   ~~~   TRACE***   ~~~ (04.03.2013 16:10:13) 
Inserted trends for N2Event
Unit = Converter1 events pocessed 20
.......   ~~~   TRACE***   ~~~ (04.03.2013 16:10:13) 
Trend for O2Event
.......   ~~~   TRACE***   ~~~ (04.03.2013 16:10:13) 
O2Event: QOxygenRight=0; POxygenRight=18,749490737915; TOxygenRight=-0,348567962646484; DPOxygenRight=0; RightLanceIsSelected=False; QOxygenLeft=0; POxygenLeft=18,7610645294189; TOxygenLeft=-3,21307373046875; DPOxygenLeft=-0,578687965869904; LeftLanceIsSelected=False; iCnvNr=1; Time=04.03.2013 16:10:10;
.......   ~~~   TRACE***   ~~~ (04.03.2013 16:10:13) 
Can't inserted trends for O2Event
Unit = Converter1 events pocessed 21
.......   ~~~   TRACE***   ~~~ (04.03.2013 16:10:13) 
Trend for LanceEvent
.......   ~~~   TRACE***   ~~~ (04.03.2013 16:10:13) 
LanceEvent: O2TotalVol=3062; O2Flow=0; O2Pressure=0; LanceHeight=64276; LanceMode=1; O2FlowMode=2; O2LeftLanceWaterInput=34,5353927612305; O2LeftLanceWaterOutput=32,9683876037598; O2LeftLanceWaterTempInput=16,1164608001709; O2LeftLanceWaterTempOutput=15,769248008728; O2LeftLanceLeck=2; O2RightLanceLeck=65532; O2LeftLanceWaterPressure=0,95483523607254; O2RightLanceWaterPressure=1,18631041049957; O2RightLanceWaterInput=38,6475791931152; O2RightLanceWaterOutput=42,7318382263184; O2RightLanceWaterTempInput=15,7403135299683; O2RightLanceWaterTempOutput=14,7276096343994; O2LeftLanceGewWeight=5000; O2LeftLanceGewBaer=100; O2RightLanceGewWeight=5336,9501953125; O2RightLanceGewBaer=3428,998046875; BathLevel=1260; O2Summary=0; iCnvNr=1; Time=04.03.2013 16:10:10;
.......   ~~~   TRACE***   ~~~ (04.03.2013 16:10:13) 
Inserted trends for LanceEvent
Unit = Converter1 events pocessed 22
.......   ~~~   TRACE***   ~~~ (04.03.2013 16:10:13) 
Trend for FlexEvent - UDP.OffGasAnalysisEvent
.......   ~~~   TRACE***   ~~~ (04.03.2013 16:10:13) 
FlexEvent:
Id=d983ded7-571c-4f11-b595-1a8557b40582;
Operation=UDP.OffGasAnalysisEvent;
Flags=FlexEventCreated;
Arguments=<dictionary>
	iCnvNr	:1
	Ar	:0,87
	CO	:0
	CO2	:0
	H2	:0
	N2	:78,08
	O2	:21,05
	Time	:04.03.2013 16:10:10
	TransportDelay1	:18
	TransportDelay2	:14
	Diagbyte	:0
	Branch	:2
	GranatTimeStamp	:28.02.2013 19:59:05
</dictionary>;
Time=04.03.2013 16:10:10;
.......   ~~~   TRACE***   ~~~ (04.03.2013 16:10:13) 
Inserted trends for FlexEvent - UDP.OffGasAnalysisEvent
Unit = Converter1 events pocessed 23
.......   ~~~   TRACE***   ~~~ (04.03.2013 16:10:13) 
Trend for N2Event
.......   ~~~   TRACE***   ~~~ (04.03.2013 16:10:13) 
N2Event: QNitrogenLanceWindow=891; QNitrogenBoiler=16; iCnvNr=1; Time=04.03.2013 16:10:10;
.......   ~~~   TRACE***   ~~~ (04.03.2013 16:10:13) 
Inserted trends for N2Event
Unit = Converter1 events pocessed 24
.......   ~~~   TRACE***   ~~~ (04.03.2013 16:10:13) 
Trend for LanceEvent
.......   ~~~   TRACE***   ~~~ (04.03.2013 16:10:13) 
LanceEvent: O2TotalVol=3062; O2Flow=0; O2Pressure=0; LanceHeight=64276; LanceMode=1; O2FlowMode=2; O2LeftLanceWaterInput=34,2964134216309; O2LeftLanceWaterOutput=32,852970123291; O2LeftLanceWaterTempInput=16,1164608001709; O2LeftLanceWaterTempOutput=15,769248008728; O2LeftLanceLeck=1; O2RightLanceLeck=65531; O2LeftLanceWaterPressure=0,95483523607254; O2RightLanceWaterPressure=1,18631041049957; O2RightLanceWaterInput=38,3459777832031; O2RightLanceWaterOutput=42,6049652099609; O2RightLanceWaterTempInput=15,7403135299683; O2RightLanceWaterTempOutput=14,7276096343994; O2LeftLanceGewWeight=5000; O2LeftLanceGewBaer=100; O2RightLanceGewWeight=5336,9501953125; O2RightLanceGewBaer=3428,998046875; BathLevel=1260; O2Summary=0; iCnvNr=1; Time=04.03.2013 16:10:10;
.......   ~~~   TRACE***   ~~~ (04.03.2013 16:10:13) 
Inserted trends for LanceEvent
Unit = Converter1 events pocessed 25
.......   ~~~   TRACE***   ~~~ (04.03.2013 16:10:13) 
Trend for OffGasAnalysisEvent
.......   ~~~   TRACE***   ~~~ (04.03.2013 16:10:13) 
OffGasAnalysisEvent: H2=0; O2=21,05; CO=0; CO2=0; N2=78,08; Ar=0,87; iCnvNr=1; Time=04.03.2013 16:10:10;
.......   ~~~   TRACE***   ~~~ (04.03.2013 16:10:13) 
Can't inserted trends for OffGasAnalysisEvent
Unit = Converter1 events pocessed 26
.......   ~~~   TRACE***   ~~~ (04.03.2013 16:10:13) 
Trend for FlexEvent - UDP.OffGasAnalysisEvent
.......   ~~~   TRACE***   ~~~ (04.03.2013 16:10:13) 
FlexEvent:
Id=1521975c-387e-4770-912a-e92e13284164;
Operation=UDP.OffGasAnalysisEvent;
Flags=FlexEventCreated;
Arguments=<dictionary>
	iCnvNr	:1
	Ar	:0,87
	CO	:0
	CO2	:0
	H2	:0
	N2	:78,08
	O2	:21,05
	Time	:04.03.2013 16:10:10
	TransportDelay1	:18
	TransportDelay2	:14
	Diagbyte	:0
	Branch	:2
	GranatTimeStamp	:28.02.2013 19:59:05
</dictionary>;
Time=04.03.2013 16:10:10;
.......   ~~~   TRACE***   ~~~ (04.03.2013 16:10:13) 
Can't inserted trends for FlexEvent - UDP.OffGasAnalysisEvent
Unit = Converter1 events pocessed 27
.......   ~~~   TRACE***   ~~~ (04.03.2013 16:10:13) 
Trend for FlexEvent - CarbonSwitcher.Result
.......   ~~~   TRACE***   ~~~ (04.03.2013 16:10:13) 
FlexEvent:
Id=a218b3bd-eeac-4e08-ba5b-db1b28fd6917;
Operation=CarbonSwitcher.Result;
Flags=FlexEventCreated;
Arguments=<dictionary>
	C	:4,08099476979286
	PeriodlNumber	:1
</dictionary>;
Time=04.03.2013 16:10:10;
.......   ~~~   TRACE***   ~~~ (04.03.2013 16:10:13) 
Inserted trends for FlexEvent - CarbonSwitcher.Result
Unit = Converter1 events pocessed 28
.......   ~~~   TRACE***   ~~~ (04.03.2013 16:10:13) 
Trend for N2Event
.......   ~~~   TRACE***   ~~~ (04.03.2013 16:10:13) 
N2Event: QNitrogenLanceWindow=891; QNitrogenBoiler=15; iCnvNr=1; Time=04.03.2013 16:10:11;
.......   ~~~   TRACE***   ~~~ (04.03.2013 16:10:13) 
Inserted trends for N2Event
Unit = Converter1 events pocessed 29
.......   ~~~   TRACE***   ~~~ (04.03.2013 16:10:13) 
Trend for LanceEvent
.......   ~~~   TRACE***   ~~~ (04.03.2013 16:10:13) 
LanceEvent: O2TotalVol=3062; O2Flow=0; O2Pressure=0; LanceHeight=64276; LanceMode=1; O2FlowMode=2; O2LeftLanceWaterInput=34,1918487548828; O2LeftLanceWaterOutput=32,7960739135742; O2LeftLanceWaterTempInput=16,1743297576904; O2LeftLanceWaterTempOutput=15,769248008728; O2LeftLanceLeck=1; O2RightLanceLeck=65532; O2LeftLanceWaterPressure=0,95483523607254; O2RightLanceWaterPressure=1,18631041049957; O2RightLanceWaterInput=38,3024978637695; O2RightLanceWaterOutput=42,4557304382324; O2RightLanceWaterTempInput=15,7403135299683; O2RightLanceWaterTempOutput=14,7276096343994; O2LeftLanceGewWeight=5000; O2LeftLanceGewBaer=100; O2RightLanceGewWeight=5336,9501953125; O2RightLanceGewBaer=3428,998046875; BathLevel=1260; O2Summary=0; iCnvNr=1; Time=04.03.2013 16:10:11;
.......   ~~~   TRACE***   ~~~ (04.03.2013 16:10:13) 
Inserted trends for LanceEvent
Unit = Converter1 events pocessed 30
.......   ~~~   TRACE***   ~~~ (04.03.2013 16:10:13) 
Trend for FlexEvent - UDP.OffGasAnalysisEvent
.......   ~~~   TRACE***   ~~~ (04.03.2013 16:10:13) 
FlexEvent:
Id=f72ef560-fc05-4e01-8cb6-201ef54154e2;
Operation=UDP.OffGasAnalysisEvent;
Flags=FlexEventCreated;
Arguments=<dictionary>
	iCnvNr	:1
	Ar	:0,87
	CO	:0
	CO2	:0
	H2	:0
	N2	:78,08
	O2	:21,05
	Time	:04.03.2013 16:10:11
	TransportDelay1	:18
	TransportDelay2	:14
	Diagbyte	:0
	Branch	:2
	GranatTimeStamp	:28.02.2013 19:59:05
</dictionary>;
Time=04.03.2013 16:10:11;
.......   ~~~   TRACE***   ~~~ (04.03.2013 16:10:13) 
Inserted trends for FlexEvent - UDP.OffGasAnalysisEvent
Unit = Converter1 events pocessed 31
.......   ~~~   TRACE***   ~~~ (04.03.2013 16:10:13) 
Trend for N2Event
.......   ~~~   TRACE***   ~~~ (04.03.2013 16:10:13) 
N2Event: QNitrogenLanceWindow=891; QNitrogenBoiler=16; iCnvNr=1; Time=04.03.2013 16:10:11;
.......   ~~~   TRACE***   ~~~ (04.03.2013 16:10:13) 
Inserted trends for N2Event
Unit = Converter1 events pocessed 32
.......   ~~~   TRACE***   ~~~ (04.03.2013 16:10:13) 
Trend for LanceEvent
.......   ~~~   TRACE***   ~~~ (04.03.2013 16:10:13) 
LanceEvent: O2TotalVol=3062; O2Flow=0; O2Pressure=0; LanceHeight=64276; LanceMode=1; O2FlowMode=2; O2LeftLanceWaterInput=34,0825958251953; O2LeftLanceWaterOutput=32,7186698913574; O2LeftLanceWaterTempInput=16,1743297576904; O2LeftLanceWaterTempOutput=15,769248008728; O2LeftLanceLeck=1; O2RightLanceLeck=65532; O2LeftLanceWaterPressure=0,95483523607254; O2RightLanceWaterPressure=1,18631041049957; O2RightLanceWaterInput=38,4541397094727; O2RightLanceWaterOutput=42,3849487304688; O2RightLanceWaterTempInput=15,7403135299683; O2RightLanceWaterTempOutput=14,7276096343994; O2LeftLanceGewWeight=5000; O2LeftLanceGewBaer=100; O2RightLanceGewWeight=5336,9501953125; O2RightLanceGewBaer=3428,998046875; BathLevel=1260; O2Summary=0; iCnvNr=1; Time=04.03.2013 16:10:11;
.......   ~~~   TRACE***   ~~~ (04.03.2013 16:10:13) 
Inserted trends for LanceEvent
Unit = Converter1 events pocessed 33
.......   ~~~   TRACE***   ~~~ (04.03.2013 16:10:13) 
Trend for OffGasAnalysisEvent
.......   ~~~   TRACE***   ~~~ (04.03.2013 16:10:13) 
OffGasAnalysisEvent: H2=0; O2=21,05; CO=0; CO2=0; N2=78,08; Ar=0,87; iCnvNr=1; Time=04.03.2013 16:10:11;
.......   ~~~   TRACE***   ~~~ (04.03.2013 16:10:13) 
Can't inserted trends for OffGasAnalysisEvent
Unit = Converter1 events pocessed 34
.......   ~~~   TRACE***   ~~~ (04.03.2013 16:10:13) 
Trend for FlexEvent - UDP.OffGasAnalysisEvent
.......   ~~~   TRACE***   ~~~ (04.03.2013 16:10:13) 
FlexEvent:
Id=afcbd97f-7944-4ed0-9c78-96e3a6c2d02d;
Operation=UDP.OffGasAnalysisEvent;
Flags=FlexEventCreated;
Arguments=<dictionary>
	iCnvNr	:1
	Ar	:0,87
	CO	:0
	CO2	:0
	H2	:0
	N2	:78,08
	O2	:21,05
	Time	:04.03.2013 16:10:11
	TransportDelay1	:18
	TransportDelay2	:14
	Diagbyte	:0
	Branch	:2
	GranatTimeStamp	:28.02.2013 19:59:05
</dictionary>;
Time=04.03.2013 16:10:11;
.......   ~~~   TRACE***   ~~~ (04.03.2013 16:10:13) 
Can't inserted trends for FlexEvent - UDP.OffGasAnalysisEvent
Unit = Converter1 events pocessed 35
.......   ~~~   TRACE***   ~~~ (04.03.2013 16:10:13) 
Trend for FlexEvent - CarbonSwitcher.Result
.......   ~~~   TRACE***   ~~~ (04.03.2013 16:10:13) 
FlexEvent:
Id=e33693bb-24d4-4c2d-b7d2-5e5d64e68e95;
Operation=CarbonSwitcher.Result;
Flags=FlexEventCreated;
Arguments=<dictionary>
	C	:4,08099476979286
	PeriodlNumber	:1
</dictionary>;
Time=04.03.2013 16:10:11;
.......   ~~~   TRACE***   ~~~ (04.03.2013 16:10:13) 
Inserted trends for FlexEvent - CarbonSwitcher.Result
Unit = Converter1 events pocessed 36
.......   ~~~   TRACE***   ~~~ (04.03.2013 16:10:13) 
Trend for N2Event
.......   ~~~   TRACE***   ~~~ (04.03.2013 16:10:13) 
N2Event: QNitrogenLanceWindow=891; QNitrogenBoiler=15; iCnvNr=1; Time=04.03.2013 16:10:12;
.......   ~~~   TRACE***   ~~~ (04.03.2013 16:10:13) 
Inserted trends for N2Event
Unit = Converter1 events pocessed 37
.......   ~~~   TRACE***   ~~~ (04.03.2013 16:10:13) 
Trend for O2Event
.......   ~~~   TRACE***   ~~~ (04.03.2013 16:10:13) 
O2Event: QOxygenRight=0; POxygenRight=18,749490737915; TOxygenRight=-0,348567962646484; DPOxygenRight=0; RightLanceIsSelected=False; QOxygenLeft=0; POxygenLeft=18,749490737915; TOxygenLeft=-3,21307373046875; DPOxygenLeft=-0,578687965869904; LeftLanceIsSelected=False; iCnvNr=1; Time=04.03.2013 16:10:12;
.......   ~~~   TRACE***   ~~~ (04.03.2013 16:10:13) 
Can't inserted trends for O2Event
Unit = Converter1 events pocessed 38
.......   ~~~   TRACE***   ~~~ (04.03.2013 16:10:13) 
Trend for LanceEvent
.......   ~~~   TRACE***   ~~~ (04.03.2013 16:10:13) 
LanceEvent: O2TotalVol=3062; O2Flow=0; O2Pressure=0; LanceHeight=64276; LanceMode=1; O2FlowMode=2; O2LeftLanceWaterInput=34,0384712219238; O2LeftLanceWaterOutput=32,676197052002; O2LeftLanceWaterTempInput=16,1743297576904; O2LeftLanceWaterTempOutput=15,769248008728; O2LeftLanceLeck=1; O2RightLanceLeck=65533; O2LeftLanceWaterPressure=0,95483523607254; O2RightLanceWaterPressure=1,19354403018951; O2RightLanceWaterInput=38,5014495849609; O2RightLanceWaterOutput=42,3780212402344; O2RightLanceWaterTempInput=15,7403135299683; O2RightLanceWaterTempOutput=14,7276096343994; O2LeftLanceGewWeight=5000; O2LeftLanceGewBaer=100; O2RightLanceGewWeight=5336,9501953125; O2RightLanceGewBaer=3428,998046875; BathLevel=1260; O2Summary=0; iCnvNr=1; Time=04.03.2013 16:10:12;
.......   ~~~   TRACE***   ~~~ (04.03.2013 16:10:13) 
Inserted trends for LanceEvent
Unit = Converter1 events pocessed 39
.......   ~~~   TRACE***   ~~~ (04.03.2013 16:10:13) 
Trend for FlexEvent - UDP.OffGasAnalysisEvent
.......   ~~~   TRACE***   ~~~ (04.03.2013 16:10:13) 
FlexEvent:
Id=a4beeaaa-1512-4b3f-a67b-66d1c2259310;
Operation=UDP.OffGasAnalysisEvent;
Flags=FlexEventCreated;
Arguments=<dictionary>
	iCnvNr	:1
	Ar	:0,87
	CO	:0
	CO2	:0
	H2	:0
	N2	:78,08
	O2	:21,05
	Time	:04.03.2013 16:10:12
	TransportDelay1	:18
	TransportDelay2	:14
	Diagbyte	:0
	Branch	:2
	GranatTimeStamp	:28.02.2013 19:59:05
</dictionary>;
Time=04.03.2013 16:10:12;
.......   ~~~   TRACE***   ~~~ (04.03.2013 16:10:13) 
Inserted trends for FlexEvent - UDP.OffGasAnalysisEvent
Unit = Converter1 events pocessed 40
.......   ~~~   TRACE***   ~~~ (04.03.2013 16:10:13) 
Trend for N2Event
.......   ~~~   TRACE***   ~~~ (04.03.2013 16:10:13) 
N2Event: QNitrogenLanceWindow=891; QNitrogenBoiler=19; iCnvNr=1; Time=04.03.2013 16:10:12;
.......   ~~~   TRACE***   ~~~ (04.03.2013 16:10:13) 
Inserted trends for N2Event
Unit = Converter1 events pocessed 41
.......   ~~~   TRACE***   ~~~ (04.03.2013 16:10:13) 
Trend for O2Event
.......   ~~~   TRACE***   ~~~ (04.03.2013 16:10:13) 
O2Event: QOxygenRight=0; POxygenRight=18,749490737915; TOxygenRight=-0,348567962646484; DPOxygenRight=0; RightLanceIsSelected=False; QOxygenLeft=0; POxygenLeft=18,7610645294189; TOxygenLeft=-3,21307373046875; DPOxygenLeft=-0,578687965869904; LeftLanceIsSelected=False; iCnvNr=1; Time=04.03.2013 16:10:12;
.......   ~~~   TRACE***   ~~~ (04.03.2013 16:10:13) 
Can't inserted trends for O2Event
Unit = Converter1 events pocessed 42
.......   ~~~   TRACE***   ~~~ (04.03.2013 16:10:13) 
Trend for LanceEvent
.......   ~~~   TRACE***   ~~~ (04.03.2013 16:10:13) 
LanceEvent: O2TotalVol=3062; O2Flow=0; O2Pressure=0; LanceHeight=64276; LanceMode=1; O2FlowMode=2; O2LeftLanceWaterInput=34,0356216430664; O2LeftLanceWaterOutput=32,5849761962891; O2LeftLanceWaterTempInput=16,1743297576904; O2LeftLanceWaterTempOutput=15,769248008728; O2LeftLanceLeck=1; O2RightLanceLeck=65533; O2LeftLanceWaterPressure=0,95483523607254; O2RightLanceWaterPressure=1,18631041049957; O2RightLanceWaterInput=38,5818138122559; O2RightLanceWaterOutput=42,3765563964844; O2RightLanceWaterTempInput=15,7403135299683; O2RightLanceWaterTempOutput=14,7276096343994; O2LeftLanceGewWeight=5000; O2LeftLanceGewBaer=100; O2RightLanceGewWeight=5336,9501953125; O2RightLanceGewBaer=3428,998046875; BathLevel=1260; O2Summary=0; iCnvNr=1; Time=04.03.2013 16:10:12;
.......   ~~~   TRACE***   ~~~ (04.03.2013 16:10:13) 
Inserted trends for LanceEvent
Unit = Converter1 events pocessed 43
.......   ~~~   TRACE***   ~~~ (04.03.2013 16:10:13) 
Trend for OffGasAnalysisEvent
.......   ~~~   TRACE***   ~~~ (04.03.2013 16:10:13) 
OffGasAnalysisEvent: H2=0; O2=21,05; CO=0; CO2=0; N2=78,08; Ar=0,87; iCnvNr=1; Time=04.03.2013 16:10:12;
.......   ~~~   TRACE***   ~~~ (04.03.2013 16:10:13) 
Can't inserted trends for OffGasAnalysisEvent
Unit = Converter1 events pocessed 44
.......   ~~~   TRACE***   ~~~ (04.03.2013 16:10:13) 
Trend for FlexEvent - UDP.OffGasAnalysisEvent
.......   ~~~   TRACE***   ~~~ (04.03.2013 16:10:13) 
FlexEvent:
Id=81856011-6e87-405e-85e7-3f72529c9762;
Operation=UDP.OffGasAnalysisEvent;
Flags=FlexEventCreated;
Arguments=<dictionary>
	iCnvNr	:1
	Ar	:0,87
	CO	:0
	CO2	:0
	H2	:0
	N2	:78,08
	O2	:21,05
	Time	:04.03.2013 16:10:12
	TransportDelay1	:18
	TransportDelay2	:14
	Diagbyte	:0
	Branch	:2
	GranatTimeStamp	:28.02.2013 19:59:05
</dictionary>;
Time=04.03.2013 16:10:12;
.......   ~~~   TRACE***   ~~~ (04.03.2013 16:10:13) 
Can't inserted trends for FlexEvent - UDP.OffGasAnalysisEvent
Unit = Converter1 events pocessed 45
.......   ~~~   TRACE***   ~~~ (04.03.2013 16:10:13) 
Trend for FlexEvent - CarbonSwitcher.Result
.......   ~~~   TRACE***   ~~~ (04.03.2013 16:10:13) 
FlexEvent:
Id=71c56aef-7faa-4c53-bbec-ec5cd8884672;
Operation=CarbonSwitcher.Result;
Flags=FlexEventCreated;
Arguments=<dictionary>
	C	:4,08099476979286
	PeriodlNumber	:1
</dictionary>;
Time=04.03.2013 16:10:13;
.......   ~~~   TRACE***   ~~~ (04.03.2013 16:10:13) 
Inserted trends for FlexEvent - CarbonSwitcher.Result
Unit = Converter1 events pocessed 46
.......   ~~~   TRACE***   ~~~ (04.03.2013 16:10:13) 
Trend for N2Event
.......   ~~~   TRACE***   ~~~ (04.03.2013 16:10:13) 
N2Event: QNitrogenLanceWindow=891; QNitrogenBoiler=18; iCnvNr=1; Time=04.03.2013 16:10:13;
.......   ~~~   TRACE***   ~~~ (04.03.2013 16:10:13) 
Inserted trends for N2Event
Unit = Converter1 events pocessed 47
.......   ~~~   TRACE***   ~~~ (04.03.2013 16:10:13) 
Trend for O2Event
.......   ~~~   TRACE***   ~~~ (04.03.2013 16:10:13) 
O2Event: QOxygenRight=0; POxygenRight=18,749490737915; TOxygenRight=-0,348567962646484; DPOxygenRight=0; RightLanceIsSelected=False; QOxygenLeft=0; POxygenLeft=18,749490737915; TOxygenLeft=-3,21307373046875; DPOxygenLeft=-0,578687965869904; LeftLanceIsSelected=False; iCnvNr=1; Time=04.03.2013 16:10:13;
.......   ~~~   TRACE***   ~~~ (04.03.2013 16:10:13) 
Can't inserted trends for O2Event
Unit = Converter1 events pocessed 48
.......   ~~~   TRACE***   ~~~ (04.03.2013 16:10:13) 
Trend for LanceEvent
.......   ~~~   TRACE***   ~~~ (04.03.2013 16:10:13) 
LanceEvent: O2TotalVol=3062; O2Flow=0; O2Pressure=0; LanceHeight=64276; LanceMode=1; O2FlowMode=2; O2LeftLanceWaterInput=34,0773811340332; O2LeftLanceWaterOutput=32,525203704834; O2LeftLanceWaterTempInput=16,1743297576904; O2LeftLanceWaterTempOutput=15,769248008728; O2LeftLanceLeck=1; O2RightLanceLeck=65533; O2LeftLanceWaterPressure=0,95483523607254; O2RightLanceWaterPressure=1,18631041049957; O2RightLanceWaterInput=38,6101531982422; O2RightLanceWaterOutput=42,3261413574219; O2RightLanceWaterTempInput=15,7403135299683; O2RightLanceWaterTempOutput=14,7276096343994; O2LeftLanceGewWeight=5000; O2LeftLanceGewBaer=100; O2RightLanceGewWeight=5336,9501953125; O2RightLanceGewBaer=3428,998046875; BathLevel=1260; O2Summary=0; iCnvNr=1; Time=04.03.2013 16:10:13;
.......   ~~~   TRACE***   ~~~ (04.03.2013 16:10:13) 
Inserted trends for LanceEvent
Unit = Converter1 events pocessed 49
.......   ~~~   TRACE***   ~~~ (04.03.2013 16:10:13) 
Trend for FlexEvent - UDP.OffGasAnalysisEvent
.......   ~~~   TRACE***   ~~~ (04.03.2013 16:10:13) 
FlexEvent:
Id=f29fd591-c4e0-4fcd-ad81-434cffe01657;
Operation=UDP.OffGasAnalysisEvent;
Flags=FlexEventCreated;
Arguments=<dictionary>
	iCnvNr	:1
	Ar	:0,87
	CO	:0
	CO2	:0
	H2	:0
	N2	:78,08
	O2	:21,05
	Time	:04.03.2013 16:10:13
	TransportDelay1	:18
	TransportDelay2	:14
	Diagbyte	:0
	Branch	:2
	GranatTimeStamp	:28.02.2013 19:59:05
</dictionary>;
Time=04.03.2013 16:10:13;
.......   ~~~   TRACE***   ~~~ (04.03.2013 16:10:13) 
Inserted trends for FlexEvent - UDP.OffGasAnalysisEvent
Unit = Converter1 events pocessed 50
.......   ~~~   TRACE***   ~~~ (04.03.2013 16:10:13) 
Trend for N2Event
.......   ~~~   TRACE***   ~~~ (04.03.2013 16:10:13) 
N2Event: QNitrogenLanceWindow=891; QNitrogenBoiler=17; iCnvNr=1; Time=04.03.2013 16:10:13;
.......   ~~~   TRACE***   ~~~ (04.03.2013 16:10:13) 
Inserted trends for N2Event
Unit = Converter1 events pocessed 51
.......   ~~~   TRACE***   ~~~ (04.03.2013 16:10:13) 
Trend for LanceEvent
.......   ~~~   TRACE***   ~~~ (04.03.2013 16:10:13) 
LanceEvent: O2TotalVol=3062; O2Flow=0; O2Pressure=0; LanceHeight=64276; LanceMode=1; O2FlowMode=2; O2LeftLanceWaterInput=34,0424537658691; O2LeftLanceWaterOutput=32,4393768310547; O2LeftLanceWaterTempInput=16,1743297576904; O2LeftLanceWaterTempOutput=15,769248008728; O2LeftLanceLeck=2; O2RightLanceLeck=65533; O2LeftLanceWaterPressure=0,95483523607254; O2RightLanceWaterPressure=1,18631041049957; O2RightLanceWaterInput=38,7089157104492; O2RightLanceWaterOutput=42,2047843933105; O2RightLanceWaterTempInput=15,7403135299683; O2RightLanceWaterTempOutput=14,7276096343994; O2LeftLanceGewWeight=5000; O2LeftLanceGewBaer=100; O2RightLanceGewWeight=5336,9501953125; O2RightLanceGewBaer=3428,998046875; BathLevel=1260; O2Summary=0; iCnvNr=1; Time=04.03.2013 16:10:13;
.......   ~~~   TRACE***   ~~~ (04.03.2013 16:10:13) 
Inserted trends for LanceEvent
Unit = Converter1 events pocessed 52
.......   ~~~   TRACE***   ~~~ (04.03.2013 16:10:13) 
Trend for OffGasAnalysisEvent
.......   ~~~   TRACE***   ~~~ (04.03.2013 16:10:13) 
OffGasAnalysisEvent: H2=0; O2=21,05; CO=0; CO2=0; N2=78,08; Ar=0,87; iCnvNr=1; Time=04.03.2013 16:10:13;
.......   ~~~   TRACE***   ~~~ (04.03.2013 16:10:13) 
Can't inserted trends for OffGasAnalysisEvent
Unit = Converter1 events pocessed 53
.......   ~~~   TRACE***   ~~~ (04.03.2013 16:10:13) 
Trend for FlexEvent - UDP.OffGasAnalysisEvent
.......   ~~~   TRACE***   ~~~ (04.03.2013 16:10:13) 
FlexEvent:
Id=ca0c7b2c-6374-4e82-9dd8-5a6f8e996b24;
Operation=UDP.OffGasAnalysisEvent;
Flags=FlexEventCreated;
Arguments=<dictionary>
	iCnvNr	:1
	Ar	:0,87
	CO	:0
	CO2	:0
	H2	:0
	N2	:78,08
	O2	:21,05
	Time	:04.03.2013 16:10:13
	TransportDelay1	:18
	TransportDelay2	:14
	Diagbyte	:0
	Branch	:2
	GranatTimeStamp	:28.02.2013 19:59:05
</dictionary>;
Time=04.03.2013 16:10:13;
.......   ~~~   TRACE***   ~~~ (04.03.2013 16:10:13) 
Can't inserted trends for FlexEvent - UDP.OffGasAnalysisEvent
Unit = Converter1 events pocessed 54
.......   ~~~   TRACE***   ~~~ (04.03.2013 16:10:14) 
Trend for FlexEvent - CarbonSwitcher.Result
.......   ~~~   TRACE***   ~~~ (04.03.2013 16:10:14) 
FlexEvent:
Id=ca335522-6b72-4e00-aae3-1012754b944a;
Operation=CarbonSwitcher.Result;
Flags=FlexEventCreated;
Arguments=<dictionary>
	C	:4,08099476979286
	PeriodlNumber	:1
</dictionary>;
Time=04.03.2013 16:10:13;
.......   ~~~   TRACE***   ~~~ (04.03.2013 16:10:14) 
Inserted trends for FlexEvent - CarbonSwitcher.Result
Unit = Converter1 events pocessed 55
.......   ~~~   TRACE***   ~~~ (04.03.2013 16:10:14) 
Trend for N2Event
.......   ~~~   TRACE***   ~~~ (04.03.2013 16:10:14) 
N2Event: QNitrogenLanceWindow=891; QNitrogenBoiler=16; iCnvNr=1; Time=04.03.2013 16:10:14;
.......   ~~~   TRACE***   ~~~ (04.03.2013 16:10:14) 
Inserted trends for N2Event
Unit = Converter1 events pocessed 56
.......   ~~~   TRACE***   ~~~ (04.03.2013 16:10:14) 
Trend for O2Event
.......   ~~~   TRACE***   ~~~ (04.03.2013 16:10:14) 
O2Event: QOxygenRight=0; POxygenRight=18,7379169464111; TOxygenRight=-0,348567962646484; DPOxygenRight=0; RightLanceIsSelected=False; QOxygenLeft=0; POxygenLeft=18,749490737915; TOxygenLeft=-3,21307373046875; DPOxygenLeft=-0,578687965869904; LeftLanceIsSelected=False; iCnvNr=1; Time=04.03.2013 16:10:14;
.......   ~~~   TRACE***   ~~~ (04.03.2013 16:10:14) 
Can't inserted trends for O2Event
Unit = Converter1 events pocessed 57
.......   ~~~   TRACE***   ~~~ (04.03.2013 16:10:14) 
Trend for LanceEvent
.......   ~~~   TRACE***   ~~~ (04.03.2013 16:10:14) 
LanceEvent: O2TotalVol=3062; O2Flow=0; O2Pressure=0; LanceHeight=64276; LanceMode=1; O2FlowMode=2; O2LeftLanceWaterInput=34,0018272399902; O2LeftLanceWaterOutput=32,4098892211914; O2LeftLanceWaterTempInput=16,1743297576904; O2LeftLanceWaterTempOutput=15,769248008728; O2LeftLanceLeck=2; O2RightLanceLeck=65533; O2LeftLanceWaterPressure=0,95483523607254; O2RightLanceWaterPressure=1,18631041049957; O2RightLanceWaterInput=38,7919273376465; O2RightLanceWaterOutput=42,1523780822754; O2RightLanceWaterTempInput=15,7403135299683; O2RightLanceWaterTempOutput=14,7276096343994; O2LeftLanceGewWeight=5000; O2LeftLanceGewBaer=100; O2RightLanceGewWeight=5336,9501953125; O2RightLanceGewBaer=3428,998046875; BathLevel=1260; O2Summary=0; iCnvNr=1; Time=04.03.2013 16:10:14;
.......   ~~~   TRACE***   ~~~ (04.03.2013 16:10:14) 
Inserted trends for LanceEvent
Unit = Converter1 events pocessed 58
.......   ~~~   TRACE***   ~~~ (04.03.2013 16:10:14) 
Trend for FlexEvent - UDP.OffGasAnalysisEvent
.......   ~~~   TRACE***   ~~~ (04.03.2013 16:10:14) 
FlexEvent:
Id=310d05d7-f76d-4045-87ad-02956f761181;
Operation=UDP.OffGasAnalysisEvent;
Flags=FlexEventCreated;
Arguments=<dictionary>
	iCnvNr	:1
	Ar	:0,87
	CO	:0
	CO2	:0
	H2	:0
	N2	:78,08
	O2	:21,05
	Time	:04.03.2013 16:10:14
	TransportDelay1	:18
	TransportDelay2	:14
	Diagbyte	:0
	Branch	:2
	GranatTimeStamp	:28.02.2013 19:59:05
</dictionary>;
Time=04.03.2013 16:10:14;
.......   ~~~   TRACE***   ~~~ (04.03.2013 16:10:14) 
Inserted trends for FlexEvent - UDP.OffGasAnalysisEvent
Unit = Converter1 events pocessed 59
.......   ~~~   TRACE***   ~~~ (04.03.2013 16:10:14) 
Trend for N2Event
.......   ~~~   TRACE***   ~~~ (04.03.2013 16:10:14) 
N2Event: QNitrogenLanceWindow=891; QNitrogenBoiler=15; iCnvNr=1; Time=04.03.2013 16:10:14;
.......   ~~~   TRACE***   ~~~ (04.03.2013 16:10:14) 
Inserted trends for N2Event
Unit = Converter1 events pocessed 60
.......   ~~~   TRACE***   ~~~ (04.03.2013 16:10:14) 
Trend for LanceEvent
.......   ~~~   TRACE***   ~~~ (04.03.2013 16:10:14) 
LanceEvent: O2TotalVol=3062; O2Flow=0; O2Pressure=0; LanceHeight=64276; LanceMode=1; O2FlowMode=2; O2LeftLanceWaterInput=33,9042167663574; O2LeftLanceWaterOutput=32,3661613464355; O2LeftLanceWaterTempInput=16,1743297576904; O2LeftLanceWaterTempOutput=15,769248008728; O2LeftLanceLeck=2; O2RightLanceLeck=65533; O2LeftLanceWaterPressure=0,95483523607254; O2RightLanceWaterPressure=1,18631041049957; O2RightLanceWaterInput=38,5919799804688; O2RightLanceWaterOutput=42,1388740539551; O2RightLanceWaterTempInput=15,7403135299683; O2RightLanceWaterTempOutput=14,7276096343994; O2LeftLanceGewWeight=5000; O2LeftLanceGewBaer=100; O2RightLanceGewWeight=5336,9501953125; O2RightLanceGewBaer=3428,998046875; BathLevel=1260; O2Summary=0; iCnvNr=1; Time=04.03.2013 16:10:14;
.......   ~~~   TRACE***   ~~~ (04.03.2013 16:10:14) 
Inserted trends for LanceEvent
Unit = Converter1 events pocessed 61
.......   ~~~   TRACE***   ~~~ (04.03.2013 16:10:14) 
Trend for OffGasAnalysisEvent
.......   ~~~   TRACE***   ~~~ (04.03.2013 16:10:14) 
OffGasAnalysisEvent: H2=0; O2=21,05; CO=0; CO2=0; N2=78,08; Ar=0,87; iCnvNr=1; Time=04.03.2013 16:10:14;
.......   ~~~   TRACE***   ~~~ (04.03.2013 16:10:14) 
Can't inserted trends for OffGasAnalysisEvent
Unit = Converter1 events pocessed 62
.......   ~~~   TRACE***   ~~~ (04.03.2013 16:10:14) 
Trend for FlexEvent - UDP.OffGasAnalysisEvent
.......   ~~~   TRACE***   ~~~ (04.03.2013 16:10:14) 
FlexEvent:
Id=838e07d3-f22d-4e61-b532-6365e26bc540;
Operation=UDP.OffGasAnalysisEvent;
Flags=FlexEventCreated;
Arguments=<dictionary>
	iCnvNr	:1
	Ar	:0,87
	CO	:0
	CO2	:0
	H2	:0
	N2	:78,08
	O2	:21,05
	Time	:04.03.2013 16:10:14
	TransportDelay1	:18
	TransportDelay2	:14
	Diagbyte	:0
	Branch	:2
	GranatTimeStamp	:28.02.2013 19:59:05
</dictionary>;
Time=04.03.2013 16:10:14;
.......   ~~~   TRACE***   ~~~ (04.03.2013 16:10:14) 
Can't inserted trends for FlexEvent - UDP.OffGasAnalysisEvent
Unit = Converter1 events pocessed 63
.......   ~~~   TRACE***   ~~~ (04.03.2013 16:10:15) 
Trend for FlexEvent - CarbonSwitcher.Result
.......   ~~~   TRACE***   ~~~ (04.03.2013 16:10:15) 
FlexEvent:
Id=f19e5415-e791-4296-b8cf-0c7fc5f27d18;
Operation=CarbonSwitcher.Result;
Flags=FlexEventCreated;
Arguments=<dictionary>
	C	:4,08099476979286
	PeriodlNumber	:1
</dictionary>;
Time=04.03.2013 16:10:14;
.......   ~~~   TRACE***   ~~~ (04.03.2013 16:10:15) 
Inserted trends for FlexEvent - CarbonSwitcher.Result
Unit = Converter1 events pocessed 64
.......   ~~~   TRACE***   ~~~ (04.03.2013 16:10:15) 
Trend for LanceEvent
.......   ~~~   TRACE***   ~~~ (04.03.2013 16:10:15) 
LanceEvent: O2TotalVol=3062; O2Flow=0; O2Pressure=0; LanceHeight=64276; LanceMode=1; O2FlowMode=2; O2LeftLanceWaterInput=33,825855255127; O2LeftLanceWaterOutput=32,2868309020996; O2LeftLanceWaterTempInput=16,1743297576904; O2LeftLanceWaterTempOutput=15,769248008728; O2LeftLanceLeck=2; O2RightLanceLeck=65532; O2LeftLanceWaterPressure=0,95483523607254; O2RightLanceWaterPressure=1,18631041049957; O2RightLanceWaterInput=38,4730453491211; O2RightLanceWaterOutput=42,0470390319824; O2RightLanceWaterTempInput=15,7403135299683; O2RightLanceWaterTempOutput=14,7276096343994; O2LeftLanceGewWeight=5000; O2LeftLanceGewBaer=100; O2RightLanceGewWeight=5336,9501953125; O2RightLanceGewBaer=3428,998046875; BathLevel=1260; O2Summary=0; iCnvNr=1; Time=04.03.2013 16:10:15;
.......   ~~~   TRACE***   ~~~ (04.03.2013 16:10:15) 
Inserted trends for LanceEvent
Unit = Converter1 events pocessed 65
.......   ~~~   TRACE***   ~~~ (04.03.2013 16:10:15) 
Trend for FlexEvent - UDP.OffGasAnalysisEvent
.......   ~~~   TRACE***   ~~~ (04.03.2013 16:10:15) 
FlexEvent:
Id=760977f4-518d-449d-9cec-4ac4e97d1618;
Operation=UDP.OffGasAnalysisEvent;
Flags=FlexEventCreated;
Arguments=<dictionary>
	iCnvNr	:1
	Ar	:0,87
	CO	:0
	CO2	:0
	H2	:0
	N2	:78,08
	O2	:21,05
	Time	:04.03.2013 16:10:15
	TransportDelay1	:18
	TransportDelay2	:14
	Diagbyte	:0
	Branch	:2
	GranatTimeStamp	:28.02.2013 19:59:05
</dictionary>;
Time=04.03.2013 16:10:15;
.......   ~~~   TRACE***   ~~~ (04.03.2013 16:10:15) 
Inserted trends for FlexEvent - UDP.OffGasAnalysisEvent
Unit = Converter1 events pocessed 66
.......   ~~~   TRACE***   ~~~ (04.03.2013 16:10:15) 
Trend for LanceEvent
.......   ~~~   TRACE***   ~~~ (04.03.2013 16:10:15) 
LanceEvent: O2TotalVol=3062; O2Flow=0; O2Pressure=0; LanceHeight=64276; LanceMode=1; O2FlowMode=2; O2LeftLanceWaterInput=33,6398239135742; O2LeftLanceWaterOutput=32,2314262390137; O2LeftLanceWaterTempInput=16,1743297576904; O2LeftLanceWaterTempOutput=15,769248008728; O2LeftLanceLeck=2; O2RightLanceLeck=65532; O2LeftLanceWaterPressure=0,95483523607254; O2RightLanceWaterPressure=1,18631041049957; O2RightLanceWaterInput=38,1201782226563; O2RightLanceWaterOutput=42,0201110839844; O2RightLanceWaterTempInput=15,7403135299683; O2RightLanceWaterTempOutput=14,7276096343994; O2LeftLanceGewWeight=5000; O2LeftLanceGewBaer=100; O2RightLanceGewWeight=5336,9501953125; O2RightLanceGewBaer=3428,998046875; BathLevel=1260; O2Summary=0; iCnvNr=1; Time=04.03.2013 16:10:15;
.......   ~~~   TRACE***   ~~~ (04.03.2013 16:10:15) 
Inserted trends for LanceEvent
Unit = Converter1 events pocessed 67
.......   ~~~   TRACE***   ~~~ (04.03.2013 16:10:15) 
Trend for OffGasAnalysisEvent
.......   ~~~   TRACE***   ~~~ (04.03.2013 16:10:15) 
OffGasAnalysisEvent: H2=0; O2=21,05; CO=0; CO2=0; N2=78,08; Ar=0,87; iCnvNr=1; Time=04.03.2013 16:10:15;
.......   ~~~   TRACE***   ~~~ (04.03.2013 16:10:15) 
Can't inserted trends for OffGasAnalysisEvent
Unit = Converter1 events pocessed 68
.......   ~~~   TRACE***   ~~~ (04.03.2013 16:10:15) 
Trend for FlexEvent - UDP.OffGasAnalysisEvent
.......   ~~~   TRACE***   ~~~ (04.03.2013 16:10:15) 
FlexEvent:
Id=455fdb89-572e-417c-a163-b09396405cd8;
Operation=UDP.OffGasAnalysisEvent;
Flags=FlexEventCreated;
Arguments=<dictionary>
	iCnvNr	:1
	Ar	:0,87
	CO	:0
	CO2	:0
	H2	:0
	N2	:78,08
	O2	:21,05
	Time	:04.03.2013 16:10:15
	TransportDelay1	:18
	TransportDelay2	:14
	Diagbyte	:0
	Branch	:2
	GranatTimeStamp	:28.02.2013 19:59:05
</dictionary>;
Time=04.03.2013 16:10:15;
.......   ~~~   TRACE***   ~~~ (04.03.2013 16:10:15) 
Can't inserted trends for FlexEvent - UDP.OffGasAnalysisEvent
Unit = Converter1 events pocessed 69
.......   ~~~   TRACE***   ~~~ (04.03.2013 16:10:16) 
Trend for FlexEvent - CarbonSwitcher.Result
.......   ~~~   TRACE***   ~~~ (04.03.2013 16:10:16) 
FlexEvent:
Id=9751169f-8790-43b1-8b02-ab8a0f2b044d;
Operation=CarbonSwitcher.Result;
Flags=FlexEventCreated;
Arguments=<dictionary>
	C	:4,08099476979286
	PeriodlNumber	:1
</dictionary>;
Time=04.03.2013 16:10:16;
.......   ~~~   TRACE***   ~~~ (04.03.2013 16:10:16) 
Inserted trends for FlexEvent - CarbonSwitcher.Result
Unit = Converter1 events pocessed 70
.......   ~~~   TRACE***   ~~~ (04.03.2013 16:10:16) 
Trend for N2Event
.......   ~~~   TRACE***   ~~~ (04.03.2013 16:10:16) 
N2Event: QNitrogenLanceWindow=891; QNitrogenBoiler=16; iCnvNr=1; Time=04.03.2013 16:10:16;
.......   ~~~   TRACE***   ~~~ (04.03.2013 16:10:16) 
Inserted trends for N2Event
Unit = Converter1 events pocessed 71
.......   ~~~   TRACE***   ~~~ (04.03.2013 16:10:16) 
Trend for O2Event
.......   ~~~   TRACE***   ~~~ (04.03.2013 16:10:16) 
O2Event: QOxygenRight=0; POxygenRight=18,7379169464111; TOxygenRight=-0,348567962646484; DPOxygenRight=0; RightLanceIsSelected=False; QOxygenLeft=0; POxygenLeft=18,7379169464111; TOxygenLeft=-3,21307373046875; DPOxygenLeft=-0,578687965869904; LeftLanceIsSelected=False; iCnvNr=1; Time=04.03.2013 16:10:16;
.......   ~~~   TRACE***   ~~~ (04.03.2013 16:10:16) 
Can't inserted trends for O2Event
Unit = Converter1 events pocessed 72
.......   ~~~   TRACE***   ~~~ (04.03.2013 16:10:16) 
Trend for LanceEvent
.......   ~~~   TRACE***   ~~~ (04.03.2013 16:10:16) 
LanceEvent: O2TotalVol=3062; O2Flow=0; O2Pressure=0; LanceHeight=64276; LanceMode=1; O2FlowMode=2; O2LeftLanceWaterInput=33,5254440307617; O2LeftLanceWaterOutput=32,261100769043; O2LeftLanceWaterTempInput=16,1743297576904; O2LeftLanceWaterTempOutput=15,769248008728; O2LeftLanceLeck=2; O2RightLanceLeck=65532; O2LeftLanceWaterPressure=0,95483523607254; O2RightLanceWaterPressure=1,18631041049957; O2RightLanceWaterInput=37,8568649291992; O2RightLanceWaterOutput=42,0141944885254; O2RightLanceWaterTempInput=15,7403135299683; O2RightLanceWaterTempOutput=14,7276096343994; O2LeftLanceGewWeight=5000; O2LeftLanceGewBaer=100; O2RightLanceGewWeight=5336,9501953125; O2RightLanceGewBaer=3428,998046875; BathLevel=1260; O2Summary=0; iCnvNr=1; Time=04.03.2013 16:10:16;
.......   ~~~   TRACE***   ~~~ (04.03.2013 16:10:16) 
Inserted trends for LanceEvent
Unit = Converter1 events pocessed 73
.......   ~~~   TRACE***   ~~~ (04.03.2013 16:10:16) 
Trend for FlexEvent - UDP.OffGasAnalysisEvent
.......   ~~~   TRACE***   ~~~ (04.03.2013 16:10:16) 
FlexEvent:
Id=aa76590c-2204-4976-8959-065948bab777;
Operation=UDP.OffGasAnalysisEvent;
Flags=FlexEventCreated;
Arguments=<dictionary>
	iCnvNr	:1
	Ar	:0,87
	CO	:0
	CO2	:0
	H2	:0
	N2	:78,08
	O2	:21,05
	Time	:04.03.2013 16:10:16
	TransportDelay1	:18
	TransportDelay2	:14
	Diagbyte	:0
	Branch	:2
	GranatTimeStamp	:28.02.2013 19:59:05
</dictionary>;
Time=04.03.2013 16:10:16;
.......   ~~~   TRACE***   ~~~ (04.03.2013 16:10:16) 
Inserted trends for FlexEvent - UDP.OffGasAnalysisEvent
Unit = Converter1 events pocessed 74
.......   ~~~   TRACE***   ~~~ (04.03.2013 16:10:16) 
Trend for N2Event
.......   ~~~   TRACE***   ~~~ (04.03.2013 16:10:16) 
N2Event: QNitrogenLanceWindow=891; QNitrogenBoiler=18; iCnvNr=1; Time=04.03.2013 16:10:16;
.......   ~~~   TRACE***   ~~~ (04.03.2013 16:10:16) 
Inserted trends for N2Event
Unit = Converter1 events pocessed 75
.......   ~~~   TRACE***   ~~~ (04.03.2013 16:10:16) 
Trend for LanceEvent
.......   ~~~   TRACE***   ~~~ (04.03.2013 16:10:16) 
LanceEvent: O2TotalVol=3062; O2Flow=0; O2Pressure=0; LanceHeight=64276; LanceMode=1; O2FlowMode=2; O2LeftLanceWaterInput=33,5172729492188; O2LeftLanceWaterOutput=32,3154830932617; O2LeftLanceWaterTempInput=16,1164608001709; O2LeftLanceWaterTempOutput=15,769248008728; O2LeftLanceLeck=2; O2RightLanceLeck=65532; O2LeftLanceWaterPressure=0,95483523607254; O2RightLanceWaterPressure=1,18631041049957; O2RightLanceWaterInput=37,6221885681152; O2RightLanceWaterOutput=42,0439147949219; O2RightLanceWaterTempInput=15,7403135299683; O2RightLanceWaterTempOutput=14,7276096343994; O2LeftLanceGewWeight=5000; O2LeftLanceGewBaer=100; O2RightLanceGewWeight=5336,9501953125; O2RightLanceGewBaer=3428,998046875; BathLevel=1260; O2Summary=0; iCnvNr=1; Time=04.03.2013 16:10:16;
.......   ~~~   TRACE***   ~~~ (04.03.2013 16:10:16) 
Inserted trends for LanceEvent
Unit = Converter1 events pocessed 76
.......   ~~~   TRACE***   ~~~ (04.03.2013 16:10:16) 
Trend for OffGasAnalysisEvent
.......   ~~~   TRACE***   ~~~ (04.03.2013 16:10:16) 
OffGasAnalysisEvent: H2=0; O2=21,05; CO=0; CO2=0; N2=78,08; Ar=0,87; iCnvNr=1; Time=04.03.2013 16:10:16;
.......   ~~~   TRACE***   ~~~ (04.03.2013 16:10:16) 
Can't inserted trends for OffGasAnalysisEvent
Unit = Converter1 events pocessed 77
.......   ~~~   TRACE***   ~~~ (04.03.2013 16:10:16) 
Trend for FlexEvent - UDP.OffGasAnalysisEvent
.......   ~~~   TRACE***   ~~~ (04.03.2013 16:10:16) 
FlexEvent:
Id=f2a50a31-b37e-49c7-9b0e-d850f025b90a;
Operation=UDP.OffGasAnalysisEvent;
Flags=FlexEventCreated;
Arguments=<dictionary>
	iCnvNr	:1
	Ar	:0,87
	CO	:0
	CO2	:0
	H2	:0
	N2	:78,08
	O2	:21,05
	Time	:04.03.2013 16:10:16
	TransportDelay1	:18
	TransportDelay2	:14
	Diagbyte	:0
	Branch	:2
	GranatTimeStamp	:28.02.2013 19:59:05
</dictionary>;
Time=04.03.2013 16:10:16;
.......   ~~~   TRACE***   ~~~ (04.03.2013 16:10:16) 
Can't inserted trends for FlexEvent - UDP.OffGasAnalysisEvent
Unit = Converter1 events pocessed 78
.......   ~~~   TRACE***   ~~~ (04.03.2013 16:10:17) 
Trend for FlexEvent - CarbonSwitcher.Result
.......   ~~~   TRACE***   ~~~ (04.03.2013 16:10:17) 
FlexEvent:
Id=6220a166-175e-438a-a1a6-de6e1b70ef2d;
Operation=CarbonSwitcher.Result;
Flags=FlexEventCreated;
Arguments=<dictionary>
	C	:4,08099476979286
	PeriodlNumber	:1
</dictionary>;
Time=04.03.2013 16:10:17;
.......   ~~~   TRACE***   ~~~ (04.03.2013 16:10:17) 
Inserted trends for FlexEvent - CarbonSwitcher.Result
Unit = Converter1 events pocessed 79
